Log file open, 04/26/18 13:25:51
LogWindows: Failed to load 'aqProf.dll' (GetLastError=126)
LogWindows: File 'aqProf.dll' does not exist
LogWindows: Failed to load 'VtuneApi.dll' (GetLastError=126)
LogWindows: File 'VtuneApi.dll' does not exist
LogWindows: Failed to load 'VtuneApi32e.dll' (GetLastError=126)
LogWindows: File 'VtuneApi32e.dll' does not exist
LogInit: Display: Running engine for game: MiniBowling
LogPlatformFile: Not using cached read wrapper
LogInit: Display: RandInit(428928829) SRandInit(428928829).
LogInit: Read version file with build ID '3709383'
LogInit: Overriding engine version to CL 3832480, compatible CL 3709383
LogInit: Registered custom module enumerator with build ID '3709383'
LogTaskGraph: Started task graph with 5 named threads and 14 total threads with 3 sets of task threads.
LogStats: Stats thread started at 0.596790
LogD3D11RHI: Aftermath initialized
LogModuleManager: Display: Found up-to-date module file ../../../Engine/Plugins/2D/Paper2D/Binaries/Win64/UE4Editor-Paper2D.dll (API version 3709383).
LogModuleManager: Display: Found up-to-date module file ../../../Engine/Plugins/2D/Paper2D/Binaries/Win64/UE4Editor-Paper2DEditor.dll (API version 3709383).
LogModuleManager: Display: Found up-to-date module file ../../../Engine/Plugins/2D/Paper2D/Binaries/Win64/UE4Editor-PaperSpriteSheetImporter.dll (API version 3709383).
LogModuleManager: Display: Found up-to-date module file ../../../Engine/Plugins/2D/Paper2D/Binaries/Win64/UE4Editor-PaperTiledImporter.dll (API version 3709383).
LogModuleManager: Display: Found up-to-date module file ../../../Engine/Plugins/2D/Paper2D/Binaries/Win64/UE4Editor-SmartSnapping.dll (API version 3709383).
LogModuleManager: Display: Found up-to-date module file ../../../Engine/Plugins/Blendables/LightPropagationVolume/Binaries/Win64/UE4Editor-LightPropagationVolumeRuntime.dll (API version 3709383).
LogModuleManager: Display: Found up-to-date module file ../../../Engine/Plugins/Blendables/LightPropagationVolume/Binaries/Win64/UE4Editor-LightPropagationVolumeEditor.dll (API version 3709383).
LogModuleManager: Display: Found up-to-date module file ../../../Engine/Plugins/Developer/GitSourceControl/Binaries/Win64/UE4Editor-GitSourceControl.dll (API version 3709383).
LogModuleManager: Display: Found up-to-date module file ../../../Engine/Plugins/Developer/PerforceSourceControl/Binaries/Win64/UE4Editor-PerforceSourceControl.dll (API version 3709383).
LogModuleManager: Display: Found up-to-date module file ../../../Engine/Plugins/Developer/SubversionSourceControl/Binaries/Win64/UE4Editor-SubversionSourceControl.dll (API version 3709383).
LogModuleManager: Display: Found up-to-date module file ../../../Engine/Plugins/Developer/UObjectPlugin/Binaries/Win64/UE4Editor-UObjectPlugin.dll (API version 3709383).
LogModuleManager: Display: Found up-to-date module file ../../../Engine/Plugins/Developer/VisualStudioCodeSourceCodeAccess/Binaries/Win64/UE4Editor-VisualStudioCodeSourceCodeAccess.dll (API version 3709383).
LogModuleManager: Display: Found up-to-date module file ../../../Engine/Plugins/Developer/VisualStudioSourceCodeAccess/Binaries/Win64/UE4Editor-VisualStudioSourceCodeAccess.dll (API version 3709383).
LogModuleManager: Display: Found up-to-date module file ../../../Engine/Plugins/Editor/AssetManagerEditor/Binaries/Win64/UE4Editor-AssetManagerEditor.dll (API version 3709383).
LogModuleManager: Display: Found up-to-date module file ../../../Engine/Plugins/Editor/AudioCapture/Binaries/Win64/UE4Editor-AudioCapture.dll (API version 3709383).
LogModuleManager: Display: Found up-to-date module file ../../../Engine/Plugins/Editor/FacialAnimation/Binaries/Win64/UE4Editor-FacialAnimation.dll (API version 3709383).
LogModuleManager: Display: Found up-to-date module file ../../../Engine/Plugins/Editor/FacialAnimation/Binaries/Win64/UE4Editor-FacialAnimationEditor.dll (API version 3709383).
LogModuleManager: Display: Found up-to-date module file ../../../Engine/Plugins/Editor/GameplayTagsEditor/Binaries/Win64/UE4Editor-GameplayTagsEditor.dll (API version 3709383).
LogModuleManager: Display: Found up-to-date module file ../../../Engine/Plugins/Editor/MobileLauncherProfileWizard/Binaries/Win64/UE4Editor-MobileLauncherProfileWizard.dll (API version 3709383).
LogModuleManager: Display: Found up-to-date module file ../../../Engine/Plugins/Editor/PluginBrowser/Binaries/Win64/UE4Editor-PluginBrowser.dll (API version 3709383).
LogModuleManager: Display: Found up-to-date module file ../../../Engine/Plugins/Editor/SpeedTreeImporter/Binaries/Win64/UE4Editor-SpeedTreeImporter.dll (API version 3709383).
LogModuleManager: Display: Found up-to-date module file ../../../Engine/Plugins/Experimental/AlembicImporter/Binaries/Win64/UE4Editor-AlembicImporter.dll (API version 3709383).
LogModuleManager: Display: Found up-to-date module file ../../../Engine/Plugins/Experimental/AlembicImporter/Binaries/Win64/UE4Editor-AlembicLibrary.dll (API version 3709383).
LogModuleManager: Display: Found up-to-date module file ../../../Engine/Plugins/Experimental/CharacterAI/Binaries/Win64/UE4Editor-CharacterAI.dll (API version 3709383).
LogModuleManager: Display: Found up-to-date module file ../../../Engine/Plugins/Experimental/HTML5Networking/Binaries/Win64/UE4Editor-HTML5Networking.dll (API version 3709383).
LogModuleManager: Display: Found up-to-date module file ../../../Engine/Plugins/Media/AndroidMedia/Binaries/Win64/UE4Editor-AndroidMediaEditor.dll (API version 3709383).
LogModuleManager: Display: Found up-to-date module file ../../../Engine/Plugins/Media/AndroidMedia/Binaries/Win64/UE4Editor-AndroidMediaFactory.dll (API version 3709383).
LogModuleManager: Display: Found up-to-date module file ../../../Engine/Plugins/Media/AvfMedia/Binaries/Win64/UE4Editor-AvfMediaEditor.dll (API version 3709383).
LogModuleManager: Display: Found up-to-date module file ../../../Engine/Plugins/Media/AvfMedia/Binaries/Win64/UE4Editor-AvfMediaFactory.dll (API version 3709383).
LogModuleManager: Display: Found up-to-date module file ../../../Engine/Plugins/Media/AvfMedia/Binaries/Win64/UE4Editor-AvfMediaFactory.dll (API version 3709383).
LogModuleManager: Display: Found up-to-date module file ../../../Engine/Plugins/Media/ImgMedia/Binaries/Win64/UE4Editor-ImgMedia.dll (API version 3709383).
LogModuleManager: Display: Found up-to-date module file ../../../Engine/Plugins/Media/ImgMedia/Binaries/Win64/UE4Editor-ImgMediaEditor.dll (API version 3709383).
LogModuleManager: Display: Found up-to-date module file ../../../Engine/Plugins/Media/ImgMedia/Binaries/Win64/UE4Editor-ImgMediaFactory.dll (API version 3709383).
LogModuleManager: Display: Found up-to-date module file ../../../Engine/Plugins/Media/ImgMedia/Binaries/Win64/UE4Editor-ImgMediaFactory.dll (API version 3709383).
LogModuleManager: Display: Found up-to-date module file ../../../Engine/Plugins/Media/ImgMedia/Binaries/Win64/UE4Editor-OpenExrWrapper.dll (API version 3709383).
LogModuleManager: Display: Found up-to-date module file ../../../Engine/Plugins/Media/MediaCompositing/Binaries/Win64/UE4Editor-MediaCompositing.dll (API version 3709383).
LogModuleManager: Display: Found up-to-date module file ../../../Engine/Plugins/Media/MediaCompositing/Binaries/Win64/UE4Editor-MediaCompositingEditor.dll (API version 3709383).
LogModuleManager: Display: Found up-to-date module file ../../../Engine/Plugins/Media/MediaPlayerEditor/Binaries/Win64/UE4Editor-MediaPlayerEditor.dll (API version 3709383).
LogModuleManager: Display: Found up-to-date module file ../../../Engine/Plugins/Media/WmfMedia/Binaries/Win64/UE4Editor-WmfMedia.dll (API version 3709383).
LogModuleManager: Display: Found up-to-date module file ../../../Engine/Plugins/Media/WmfMedia/Binaries/Win64/UE4Editor-WmfMediaEditor.dll (API version 3709383).
LogModuleManager: Display: Found up-to-date module file ../../../Engine/Plugins/Media/WmfMedia/Binaries/Win64/UE4Editor-WmfMediaFactory.dll (API version 3709383).
LogModuleManager: Display: Found up-to-date module file ../../../Engine/Plugins/Media/WmfMedia/Binaries/Win64/UE4Editor-WmfMediaFactory.dll (API version 3709383).
LogModuleManager: Display: Found up-to-date module file ../../../Engine/Plugins/Messaging/TcpMessaging/Binaries/Win64/UE4Editor-TcpMessaging.dll (API version 3709383).
LogModuleManager: Display: Found up-to-date module file ../../../Engine/Plugins/Messaging/UdpMessaging/Binaries/Win64/UE4Editor-UdpMessaging.dll (API version 3709383).
LogModuleManager: Display: Found up-to-date module file ../../../Engine/Plugins/MovieScene/ActorSequence/Binaries/Win64/UE4Editor-ActorSequence.dll (API version 3709383).
LogModuleManager: Display: Found up-to-date module file ../../../Engine/Plugins/MovieScene/LevelSequenceEditor/Binaries/Win64/UE4Editor-LevelSequenceEditor.dll (API version 3709383).
LogModuleManager: Display: Found up-to-date module file ../../../Engine/Plugins/MovieScene/MatineeToLevelSequence/Binaries/Win64/UE4Editor-MatineeToLevelSequence.dll (API version 3709383).
LogModuleManager: Display: Found up-to-date module file ../../../Engine/Plugins/Online/OnlineSubsystem/Binaries/Win64/UE4Editor-OnlineSubsystem.dll (API version 3709383).
LogModuleManager: Display: Found up-to-date module file ../../../Engine/Plugins/Runtime/AndroidPermission/Binaries/Win64/UE4Editor-AndroidPermission.dll (API version 3709383).
LogModuleManager: Display: Found up-to-date module file ../../../Engine/Plugins/Online/OnlineSubsystemNull/Binaries/Win64/UE4Editor-OnlineSubsystemNull.dll (API version 3709383).
LogModuleManager: Display: Found up-to-date module file ../../../Engine/Plugins/Online/OnlineSubsystemUtils/Binaries/Win64/UE4Editor-OnlineSubsystemUtils.dll (API version 3709383).
LogModuleManager: Display: Found up-to-date module file ../../../Engine/Plugins/Online/OnlineSubsystemUtils/Binaries/Win64/UE4Editor-OnlineBlueprintSupport.dll (API version 3709383).
LogModuleManager: Display: Found up-to-date module file ../../../Engine/Plugins/Runtime/AndroidDeviceProfileSelector/Binaries/Win64/UE4Editor-AndroidDeviceProfileSelector.dll (API version 3709383).
LogModuleManager: Display: Found up-to-date module file ../../../Engine/Plugins/Runtime/AppleARKit/Binaries/Win64/UE4Editor-AppleARKit.dll (API version 3709383).
LogModuleManager: Display: Found up-to-date module file ../../../Engine/Plugins/Runtime/ArchVisCharacter/Binaries/Win64/UE4Editor-ArchVisCharacter.dll (API version 3709383).
LogModuleManager: Display: Found up-to-date module file ../../../Engine/Plugins/Runtime/CableComponent/Binaries/Win64/UE4Editor-CableComponent.dll (API version 3709383).
LogModuleManager: Display: Found up-to-date module file ../../../Engine/Plugins/Runtime/CustomMeshComponent/Binaries/Win64/UE4Editor-CustomMeshComponent.dll (API version 3709383).
LogModuleManager: Display: Found up-to-date module file ../../../Engine/Plugins/Runtime/ExampleDeviceProfileSelector/Binaries/Win64/UE4Editor-ExampleDeviceProfileSelector.dll (API version 3709383).
LogModuleManager: Display: Found up-to-date module file ../../../Engine/Plugins/Runtime/ImmediatePhysics/Binaries/Win64/UE4Editor-ImmediatePhysics.dll (API version 3709383).
LogModuleManager: Display: Found up-to-date module file ../../../Engine/Plugins/Runtime/ImmediatePhysics/Binaries/Win64/UE4Editor-ImmediatePhysicsEditor.dll (API version 3709383).
LogModuleManager: Display: Found up-to-date module file ../../../Engine/Plugins/Runtime/LocationServicesBPLibrary/Binaries/Win64/UE4Editor-LocationServicesBPLibrary.dll (API version 3709383).
LogModuleManager: Display: Found up-to-date module file ../../../Engine/Plugins/Runtime/MobilePatchingUtils/Binaries/Win64/UE4Editor-MobilePatchingUtils.dll (API version 3709383).
LogModuleManager: Display: Found up-to-date module file ../../../Engine/Plugins/Runtime/Oculus/OculusVR/Binaries/Win64/UE4Editor-OculusHMD.dll (API version 3709383).
LogModuleManager: Display: Found up-to-date module file ../../../Engine/Plugins/Runtime/Oculus/OculusVR/Binaries/Win64/UE4Editor-OculusInput.dll (API version 3709383).
LogModuleManager: Display: Found up-to-date module file ../../../Engine/Plugins/Runtime/Oculus/OculusVR/Binaries/Win64/UE4Editor-OculusEditor.dll (API version 3709383).
LogModuleManager: Display: Found up-to-date module file ../../../Engine/Plugins/Runtime/PhysXVehicles/Binaries/Win64/UE4Editor-PhysXVehicles.dll (API version 3709383).
LogModuleManager: Display: Found up-to-date module file ../../../Engine/Plugins/Runtime/PhysXVehicles/Binaries/Win64/UE4Editor-PhysXVehiclesEditor.dll (API version 3709383).
LogModuleManager: Display: Found up-to-date module file ../../../Engine/Plugins/Runtime/ProceduralMeshComponent/Binaries/Win64/UE4Editor-ProceduralMeshComponent.dll (API version 3709383).
LogModuleManager: Display: Found up-to-date module file ../../../Engine/Plugins/Runtime/ProceduralMeshComponent/Binaries/Win64/UE4Editor-ProceduralMeshComponentEditor.dll (API version 3709383).
LogModuleManager: Display: Found up-to-date module file ../../../Engine/Plugins/Runtime/RuntimePhysXCooking/Binaries/Win64/UE4Editor-RuntimePhysXCooking.dll (API version 3709383).
LogModuleManager: Display: Found up-to-date module file ../../../Engine/Plugins/Runtime/Steam/SteamVR/Binaries/Win64/UE4Editor-SteamVR.dll (API version 3709383).
LogModuleManager: Display: Found up-to-date module file ../../../Engine/Plugins/Runtime/Steam/SteamVR/Binaries/Win64/UE4Editor-SteamVRController.dll (API version 3709383).
LogModuleManager: Display: Found up-to-date module file ../../../Engine/Plugins/Runtime/WindowsMoviePlayer/Binaries/Win64/UE4Editor-WindowsMoviePlayer.dll (API version 3709383).
LogPluginManager: Mounting plugin Paper2D
LogPluginManager: Mounting plugin LightPropagationVolume
LogPluginManager: Mounting plugin CodeLiteSourceCodeAccess
LogPluginManager: Mounting plugin GitSourceControl
LogPluginManager: Mounting plugin KDevelopSourceCodeAccess
LogPluginManager: Mounting plugin NullSourceCodeAccess
LogPluginManager: Mounting plugin PerforceSourceControl
LogPluginManager: Mounting plugin SubversionSourceControl
LogPluginManager: Mounting plugin UObjectPlugin
LogPluginManager: Mounting plugin VisualStudioCodeSourceCodeAccess
LogPluginManager: Mounting plugin VisualStudioSourceCodeAccess
LogPluginManager: Mounting plugin XCodeSourceCodeAccess
LogPluginManager: Mounting plugin AssetManagerEditor
LogPluginManager: Mounting plugin AudioCapture
LogPluginManager: Mounting plugin FacialAnimation
LogPluginManager: Mounting plugin GameplayTagsEditor
LogPluginManager: Mounting plugin MobileLauncherProfileWizard
LogPluginManager: Mounting plugin PluginBrowser
LogPluginManager: Mounting plugin SpeedTreeImporter
LogPluginManager: Mounting plugin AlembicImporter
LogPluginManager: Mounting plugin CharacterAI
LogPluginManager: Mounting plugin HTML5Networking
LogPluginManager: Mounting plugin AndroidMedia
LogPluginManager: Mounting plugin AvfMedia
LogPluginManager: Mounting plugin ImgMedia
LogPluginManager: Mounting plugin MediaCompositing
LogPluginManager: Mounting plugin MediaPlayerEditor
LogPluginManager: Mounting plugin WmfMedia
LogPluginManager: Mounting plugin TcpMessaging
LogPluginManager: Mounting plugin UdpMessaging
LogPluginManager: Mounting plugin ActorSequence
LogPluginManager: Mounting plugin LevelSequenceEditor
LogPluginManager: Mounting plugin MatineeToLevelSequence
LogPluginManager: Mounting plugin OnlineSubsystemGooglePlay
LogPluginManager: Mounting plugin OnlineSubsystemIOS
LogPluginManager: Mounting plugin OnlineSubsystem
LogPluginManager: Mounting plugin OnlineSubsystemNull
LogPluginManager: Mounting plugin OnlineSubsystemUtils
LogPluginManager: Mounting plugin AndroidDeviceProfileSelector
LogPluginManager: Mounting plugin AndroidMoviePlayer
LogPluginManager: Mounting plugin AndroidPermission
LogPluginManager: Mounting plugin AppleARKit
LogPluginManager: Mounting plugin AppleMoviePlayer
LogPluginManager: Mounting plugin ArchVisCharacter
LogPluginManager: Mounting plugin CableComponent
LogPluginManager: Mounting plugin CustomMeshComponent
LogPluginManager: Mounting plugin ExampleDeviceProfileSelector
LogPluginManager: Mounting plugin GoogleCloudMessaging
LogPluginManager: Mounting plugin ImmediatePhysics
LogPluginManager: Mounting plugin IOSDeviceProfileSelector
LogPluginManager: Mounting plugin LinuxDeviceProfileSelector
LogPluginManager: Mounting plugin LocationServicesBPLibrary
LogPluginManager: Mounting plugin MobilePatchingUtils
LogPluginManager: Mounting plugin OculusVR
LogPluginManager: Plugin shader directory ../../../Engine/Plugins/Runtime/Oculus/OculusVR/Shaders found
LogPluginManager: Mapping shader source directory ../../../Engine/Plugins/Runtime/Oculus/OculusVR/Shaders to virtual directory /Plugin/OculusVR
LogPluginManager: Mounting plugin PhysXVehicles
LogPluginManager: Mounting plugin ProceduralMeshComponent
LogPluginManager: Mounting plugin RuntimePhysXCooking
LogPluginManager: Mounting plugin SteamVR
LogPluginManager: Mounting plugin WindowsMoviePlayer
LogInit: Using libcurl 7.47.1
LogInit:  - built for x86_64-pc-win32
LogInit:  - supports SSL with OpenSSL/1.0.2g
LogInit:  - supports HTTP deflate (compression) using libz 1.2.8
LogInit:  - other features:
LogInit:      CURL_VERSION_SSL
LogInit:      CURL_VERSION_LIBZ
LogInit:      CURL_VERSION_IPV6
LogInit:      CURL_VERSION_ASYNCHDNS
LogInit:      CURL_VERSION_LARGEFILE
LogInit:      CURL_VERSION_IDN
LogInit:  CurlRequestOptions (configurable via config and command line):
LogInit:  - bVerifyPeer = false  - Libcurl will NOT verify peer certificate
LogInit:  - bUseHttpProxy = false  - Libcurl will NOT use HTTP proxy
LogInit:  - bDontReuseConnections = false  - Libcurl will reuse connections
LogInit:  - CertBundlePath = nullptr  - Libcurl will use whatever was configured at build time.
LogInit: Build: ++UE4+Release-4.18-CL-3832480
LogInit: Engine Version: 4.18.3-3832480+++UE4+Release-4.18
LogInit: Compatible Engine Version: 4.18.0-3709383+++UE4+Release-4.18
LogInit: Net CL: 3709383
LogDevObjectVersion: Number of dev versions registered: 16
LogDevObjectVersion:   Dev-Blueprints (B0D832E4-1F89-4F0D-ACCF-7EB736FD4AA2): 10
LogDevObjectVersion:   Dev-Build (E1C64328-A22C-4D53-A36C-8E866417BD8C): 0
LogDevObjectVersion:   Dev-Core (375EC13C-06E4-48FB-B500-84F0262A717E): 2
LogDevObjectVersion:   Dev-Editor (E4B068ED-F494-42E9-A231-DA0B2E46BB41): 20
LogDevObjectVersion:   Dev-Framework (CFFC743F-43B0-4480-9391-14DF171D2073): 30
LogDevObjectVersion:   Dev-Mobile (B02B49B5-BB20-44E9-A304-32B752E40360): 0
LogDevObjectVersion:   Dev-Networking (A4E4105C-59A1-49B5-A7C5-40C4547EDFEE): 0
LogDevObjectVersion:   Dev-Online (39C831C9-5AE6-47DC-9A44-9C173E1C8E7C): 0
LogDevObjectVersion:   Dev-Physics (78F01B33-EBEA-4F98-B9B4-84EACCB95AA2): 0
LogDevObjectVersion:   Dev-Platform (6631380F-2D4D-43E0-8009-CF276956A95A): 0
LogDevObjectVersion:   Dev-Rendering (12F88B9F-8875-4AFC-A67C-D90C383ABD29): 20
LogDevObjectVersion:   Dev-Sequencer (7B5AE74C-D270-4C10-A958-57980B212A5A): 4
LogDevObjectVersion:   Dev-VR (D7296918-1DD6-4BDD-9DE2-64A83CC13884): 0
LogDevObjectVersion:   Dev-LoadTimes (C2A15278-BFE7-4AFE-6C17-90FF531DF755): 1
LogDevObjectVersion:   Private-Geometry (6EACA3D4-40EC-4CC1-B786-8BED09428FC5): 1
LogDevObjectVersion:   Dev-AnimPhys (29E575DD-E0A3-4627-9D10-D276232CDCEA): 12
LogInit: Compiled (64-bit): Jan 12 2018 02:04:55
LogInit: Compiled with Visual C++: 19.00.24215.01
LogInit: Build Configuration: Development
LogInit: Branch Name: ++UE4+Release-4.18
LogInit: Command line:  
LogInit: Base directory: C:/Program Files/Epic Games/UE_4.18/Engine/Binaries/Win64/
LogInit: Installed Engine Build: 1
LogInit: Presizing for max 8388607 objects, including 0 objects not considered by GC, pre-allocating 0 bytes for permanent pool.
LogInit: Object subsystem initialized
[2018.04.26-17.25.53:648][  0]LogInit: Selected Device Profile: [Windows]
[2018.04.26-17.25.53:648][  0]LogInit: Applying CVar settings loaded from the selected device profile: [Windows]
[2018.04.26-17.25.53:710][  0]LogInit: Computer: RUDRAKSHA
[2018.04.26-17.25.53:710][  0]LogInit: User: rudra
[2018.04.26-17.25.53:710][  0]LogInit: CPU Page size=4096, Cores=4
[2018.04.26-17.25.53:710][  0]LogInit: High frequency timer resolution =2.742186 MHz
[2018.04.26-17.25.53:712][  0]LogMemory: Memory total: Physical=15.9GB (16GB approx)
[2018.04.26-17.25.53:712][  0]LogMemory: Platform Memory Stats for Windows
[2018.04.26-17.25.53:712][  0]LogMemory: Process Physical Memory: 274.38 MB used, 274.38 MB peak
[2018.04.26-17.25.53:712][  0]LogMemory: Process Virtual Memory: 269.91 MB used, 269.91 MB peak
[2018.04.26-17.25.53:712][  0]LogMemory: Physical Memory: 9301.08 MB used,  6934.86 MB free, 16235.95 MB total
[2018.04.26-17.25.53:712][  0]LogMemory: Virtual Memory: 682.52 MB used,  6934.86 MB free, 134217728.00 MB total
[2018.04.26-17.25.55:216][  0]LogInit: Using OS detected language (en-US).
[2018.04.26-17.25.55:216][  0]LogInit: Using OS detected locale (en-US).
[2018.04.26-17.25.55:276][  0]LogTextLocalizationManager: No specific localization for 'en-US' exists, so the 'en' localization will be used.
[2018.04.26-17.25.55:835][  0]LogInit: Setting process to per monitor DPI aware
[2018.04.26-17.25.59:867][  0]LogD3D11RHI: D3D11 adapters:
[2018.04.26-17.25.59:956][  0]LogD3D11RHI:    0. 'NVIDIA GeForce GTX 1050' (Feature Level 11_0)
[2018.04.26-17.25.59:956][  0]LogD3D11RHI:       4031/0/8117 MB DedicatedVideo/DedicatedSystem/SharedSystem, Outputs:1, VendorId:0x10de
[2018.04.26-17.25.59:972][  0]LogD3D11RHI:    1. 'Intel(R) HD Graphics 630' (Feature Level 11_0)
[2018.04.26-17.25.59:972][  0]LogD3D11RHI:       128/0/8117 MB DedicatedVideo/DedicatedSystem/SharedSystem, Outputs:0, VendorId:0x8086
[2018.04.26-17.25.59:975][  0]LogD3D11RHI:    2. 'Microsoft Basic Render Driver' (Feature Level 11_0)
[2018.04.26-17.25.59:975][  0]LogD3D11RHI:       0/0/8117 MB DedicatedVideo/DedicatedSystem/SharedSystem, Outputs:0, VendorId:0x1414
[2018.04.26-17.25.59:975][  0]LogD3D11RHI: Chosen D3D11 Adapter: 0
[2018.04.26-17.25.59:988][  0]LogD3D11RHI: Creating new Direct3DDevice
[2018.04.26-17.25.59:988][  0]LogD3D11RHI:     GPU DeviceId: 0x1c8d (for the marketing name, search the web for "GPU Device Id")
[2018.04.26-17.25.59:988][  0]LogWindows: EnumDisplayDevices:
[2018.04.26-17.25.59:988][  0]LogWindows:    0. 'Intel(R) HD Graphics 630' (P:1 D:1)
[2018.04.26-17.25.59:988][  0]LogWindows:    1. 'Intel(R) HD Graphics 630' (P:0 D:0)
[2018.04.26-17.25.59:989][  0]LogWindows:    2. 'Intel(R) HD Graphics 630' (P:0 D:0)
[2018.04.26-17.25.59:989][  0]LogWindows: DebugString: GetVideoDriverDetailsInvalid PrimaryIsNotTheChoosenAdapter GetVideoDriverDetailsInvalid PrimaryIsNotTheChoosenAdapter GetVideoDriverDetailsInvalid PrimaryIsNotTheChoosenAdapter FoundDriverCount:0 
[2018.04.26-17.25.59:989][  0]LogD3D11RHI:     Adapter Name: NVIDIA GeForce GTX 1050
[2018.04.26-17.25.59:989][  0]LogD3D11RHI:   Driver Version: Unknown (internal:Unknown, unified:Unknown)
[2018.04.26-17.25.59:989][  0]LogD3D11RHI:      Driver Date: Unknown
[2018.04.26-17.25.59:989][  0]LogRHI: Texture pool is 2821 MB (70% of 4031 MB)
[2018.04.26-17.26.00:024][  0]LogD3D11RHI: Async texture creation enabled
[2018.04.26-17.26.00:068][  0]LogD3D11RHI: GPU Timing Frequency: 1000.000000 (Debug: 2 1)
[2018.04.26-17.26.00:075][  0]LogShaderCompilers: Guid format shader working directory is -94 characters bigger than the processId version (../../../../../../Users/rudra/Documents/UPenn Documents/Spring 2018 Class Docs/CIS 568 Game Design Practicum/Game2/MiniBowlingVR/MiniBowling/Intermediate/Shaders/WorkingDirectory/6932/).
[2018.04.26-17.26.00:076][  0]LogShaderCompilers: Cleaned the shader compiler working directory 'C:/Users/rudra/AppData/Local/Temp/UnrealShaderWorkingDir/2D73CCC643D668B47D7D1D968821023C/'.
[2018.04.26-17.26.00:076][  0]LogShaderCompilers: Display: Using Local Shader Compiler.
[2018.04.26-17.26.04:315][  0]LogTemp: Display: Loaded TP AllDesktopTargetPlatform
[2018.04.26-17.26.04:374][  0]LogTemp: Display: Loaded TP MacClientTargetPlatform
[2018.04.26-17.26.04:437][  0]LogTemp: Display: Loaded TP MacNoEditorTargetPlatform
[2018.04.26-17.26.04:500][  0]LogTemp: Display: Loaded TP MacServerTargetPlatform
[2018.04.26-17.26.04:567][  0]LogTemp: Display: Loaded TP MacTargetPlatform
[2018.04.26-17.26.04:639][  0]LogTemp: Display: Loaded TP WindowsClientTargetPlatform
[2018.04.26-17.26.04:715][  0]LogTemp: Display: Loaded TP WindowsNoEditorTargetPlatform
[2018.04.26-17.26.04:777][  0]LogTemp: Display: Loaded TP WindowsServerTargetPlatform
[2018.04.26-17.26.04:855][  0]LogTemp: Display: Loaded TP WindowsTargetPlatform
[2018.04.26-17.26.04:953][  0]LogTemp: Display: Loaded TP Android_ASTCTargetPlatform
[2018.04.26-17.26.05:015][  0]LogTemp: Display: Loaded TP Android_ATCTargetPlatform
[2018.04.26-17.26.05:073][  0]LogTemp: Display: Loaded TP Android_DXTTargetPlatform
[2018.04.26-17.26.05:133][  0]LogTemp: Display: Loaded TP Android_ETC1TargetPlatform
[2018.04.26-17.26.05:201][  0]LogTemp: Display: Loaded TP Android_ETC2TargetPlatform
[2018.04.26-17.26.05:325][  0]LogTemp: Display: Loaded TP Android_MultiTargetPlatform
[2018.04.26-17.26.05:325][  0]LogTemp: Display: Loaded TP Android_PVRTCTargetPlatform
[2018.04.26-17.26.05:390][  0]LogTemp: Display: Loaded TP AndroidTargetPlatform
[2018.04.26-17.26.05:449][  0]LogTemp: Display: Loaded TP HTML5TargetPlatform
[2018.04.26-17.26.05:605][  0]LogTemp: Display: Loaded TP IOSTargetPlatform
[2018.04.26-17.26.05:650][  0]LogTemp: Display: Loaded TP TVOSTargetPlatform
[2018.04.26-17.26.05:722][  0]LogTemp: Display: Loaded TP LinuxClientTargetPlatform
[2018.04.26-17.26.05:789][  0]LogTemp: Display: Loaded TP LinuxNoEditorTargetPlatform
[2018.04.26-17.26.05:894][  0]LogTemp: Display: Loaded TP LinuxServerTargetPlatform
[2018.04.26-17.26.05:962][  0]LogTemp: Display: Loaded TP LinuxTargetPlatform
[2018.04.26-17.26.05:962][  0]LogTargetPlatformManager: Display: Building Assets For Windows
[2018.04.26-17.26.06:964][  0]LogDerivedDataCache: Display: Max Cache Size: 512 MB
[2018.04.26-17.26.07:479][  0]LogDerivedDataCache: Loaded boot cache 0.51s 79MB C:/Users/rudra/AppData/Local/UnrealEngine/4.18/DerivedDataCache/Boot.ddc.
[2018.04.26-17.26.07:479][  0]LogDerivedDataCache: Display: Loaded Boot cache: C:/Users/rudra/AppData/Local/UnrealEngine/4.18/DerivedDataCache/Boot.ddc
[2018.04.26-17.26.07:479][  0]LogDerivedDataCache: FDerivedDataBackendGraph:  Pak pak cache file ../../../../../../Users/rudra/Documents/UPenn Documents/Spring 2018 Class Docs/CIS 568 Game Design Practicum/Game2/MiniBowlingVR/MiniBowling/DerivedDataCache/DDC.ddp not found, will not use a pak cache.
[2018.04.26-17.26.07:479][  0]LogDerivedDataCache: Unable to find inner node Pak for hierarchical cache Hierarchy.
[2018.04.26-17.26.07:479][  0]LogDerivedDataCache: FDerivedDataBackendGraph:  CompressedPak pak cache file ../../../../../../Users/rudra/Documents/UPenn Documents/Spring 2018 Class Docs/CIS 568 Game Design Practicum/Game2/MiniBowlingVR/MiniBowling/DerivedDataCache/Compressed.ddp not found, will not use a pak cache.
[2018.04.26-17.26.07:479][  0]LogDerivedDataCache: Unable to find inner node CompressedPak for hierarchical cache Hierarchy.
[2018.04.26-17.26.07:543][  0]LogDerivedDataCache: Display: Pak cache opened for reading ../../../Engine/DerivedDataCache/Compressed.ddp.
[2018.04.26-17.26.07:558][  0]LogDerivedDataCache: Using Local data cache path C:/Users/rudra/AppData/Local/UnrealEngine/Common/DerivedDataCache: Writable
[2018.04.26-17.26.07:605][  0]LogMaterial: Verifying Global Shaders for PCD3D_SM5
[2018.04.26-17.26.07:614][  0]LogSlate: Using Freetype 2.6.0
[2018.04.26-17.26.07:646][  0]LogSlate: SlateFontCache - WITH_FREETYPE: 1, WITH_HARFBUZZ: 1
[2018.04.26-17.26.07:646][  0]LogSlate: SlateFontCache - WITH_FREETYPE: 1, WITH_HARFBUZZ: 1
[2018.04.26-17.26.09:880][  0]LogInit: Selected Device Profile: [Windows]
[2018.04.26-17.26.10:347][  0]LogMaterial: Missing cached shader map for material DefaultDeferredDecalMaterial, compiling. 
[2018.04.26-17.26.20:510][  0]LogMaterial: Missing cached shader map for material DefaultLightFunctionMaterial, compiling. 
[2018.04.26-17.26.21:444][  0]LogMaterial: Missing cached shader map for material DefaultPostProcessMaterial, compiling. 
[2018.04.26-17.26.22:508][  0]LogMaterial: Missing cached shader map for material WorldGridMaterial, compiling. Is special engine material.
[2018.04.26-17.27.05:166][  0]LogMaterial: Missing cached shader map for material MatineeCam_mat, compiling. 
[2018.04.26-17.27.05:704][  0]LogSimplygon: Simplygon DLL not present - disabling.
[2018.04.26-17.27.05:773][  0]LogMeshReduction: Using SimplygonSwarm for distributed automatic mesh merging
[2018.04.26-17.27.05:774][  0]LogMeshReduction: Using QuadricMeshReduction for automatic static mesh reduction
[2018.04.26-17.27.05:774][  0]LogMeshReduction: No automatic skeletal mesh reduction module available
[2018.04.26-17.27.05:774][  0]LogMeshReduction: No automatic mesh merging module available
[2018.04.26-17.27.05:774][  0]LogMeshMerging: No automatic mesh merging module available
[2018.04.26-17.27.06:770][  0]LogNetVersion: MiniBowling , NetCL: 3709383, EngineNetVer: 2, GameNetVer: 0 (Checksum: 986542605)
[2018.04.26-17.27.06:858][  0]LogMaterial: Missing cached shader map for material HelpActorMaterial, compiling. 
[2018.04.26-17.27.07:208][  0]LogMaterial: Missing cached shader map for material DefaultTextMaterialOpaque, compiling. 
[2018.04.26-17.27.07:472][  0]LogAssetRegistry: FAssetRegistry took 0.0325 seconds to start up
[2018.04.26-17.27.07:557][  0]LogMaterial: Missing cached shader map for material Xray, compiling. 
[2018.04.26-17.27.07:600][  0]LogMaterial: Missing cached shader map for material Main, compiling. 
[2018.04.26-17.27.08:005][  0]LogMaterial: Missing cached shader map for material TranslucentTransformGizmoMaterial, compiling. 
[2018.04.26-17.27.08:029][  0]LogMaterial: Missing cached shader map for material TransformGizmoMaterial, compiling. 
[2018.04.26-17.27.08:045][  0]LogMaterial: Missing cached shader map for material SnapGridMaterial, compiling. 
[2018.04.26-17.27.08:183][  0]LogMaterial: Missing cached shader map for material CineMat, compiling. 
[2018.04.26-17.27.08:375][  0]LogMaterial: Missing cached shader map for material M_SimpleOpaque, compiling. 
[2018.04.26-17.27.08:440][  0]LogMaterial: Missing cached shader map for material M_SimpleTranslucent, compiling. 
[2018.04.26-17.27.08:660][  0]LogMaterial: Missing cached shader map for material Widget3DPassThrough, compiling. 
[2018.04.26-17.27.08:682][  0]LogMaterial: Missing cached shader map for material Widget3DPassThrough, compiling. 
[2018.04.26-17.27.08:729][  0]LogMaterial: Missing cached shader map for material Widget3DPassThrough, compiling. 
[2018.04.26-17.27.08:759][  0]LogMaterial: Missing cached shader map for material Widget3DPassThrough, compiling. 
[2018.04.26-17.27.08:785][  0]LogMaterial: Missing cached shader map for material Widget3DPassThrough, compiling. 
[2018.04.26-17.27.08:827][  0]LogMaterial: Missing cached shader map for material Widget3DPassThrough, compiling. 
[2018.04.26-17.27.09:090][  0]LogMaterial: Missing cached shader map for material SkySphereMaterial, compiling. 
[2018.04.26-17.27.09:127][  0]LogMaterial: Missing cached shader map for material FloorPlaneMaterial, compiling. 
[2018.04.26-17.27.09:357][  0]LogMaterial: Missing cached shader map for material LandscapeGizmo_Mat, compiling. 
[2018.04.26-17.27.09:405][  0]LogMaterial: Missing cached shader map for material LandscapeGizmoHeight_Mat, compiling. 
[2018.04.26-17.27.09:518][  0]LogMaterial: Missing cached shader map for material SplineEditorMeshMat, compiling. 
[2018.04.26-17.27.09:602][  0]LogMaterial: Missing cached shader map for material ARKitCameraMaterial, compiling. 
[2018.04.26-17.27.09:664][  0]LogMaterial: Missing cached shader map for material GearVRControllerMaterial, compiling. 
[2018.04.26-17.27.09:875][  0]LogPackageLocalizationCache: Processed 7 localized package path(s) for 2 prioritized culture(s) in 0.130463 seconds
[2018.04.26-17.27.09:886][  0]LogUObjectArray: 35870 objects as part of root set at end of initial load.
[2018.04.26-17.27.09:886][  0]LogUObjectAllocator: 7363696 out of 0 bytes used by permanent object pool.
[2018.04.26-17.27.09:886][  0]LogUObjectArray: CloseDisregardForGC: 0/0 objects in disregard for GC pool
[2018.04.26-17.27.10:012][  0]LogInit: WinSock: version 1.1 (2.2), MaxSocks=32767, MaxUdp=65467
[2018.04.26-17.27.16:329][  0]LogMaterial: Missing cached shader map for material KeyDiskMaterial, compiling. 
[2018.04.26-17.27.16:355][  0]LogMaterial: Missing cached shader map for material M_ContentWindow, compiling. 
[2018.04.26-17.27.16:454][  0]LogMaterial: Missing cached shader map for material GenericHMDMaterial, compiling. 
[2018.04.26-17.27.16:497][  0]LogMaterial: Missing cached shader map for material GridMaterial, compiling. 
[2018.04.26-17.27.16:521][  0]LogMaterial: Missing cached shader map for material GridPostProcess, compiling. 
[2018.04.26-17.27.16:539][  0]LogMaterial: Missing cached shader map for material VivePreControllerMaterial, compiling. 
[2018.04.26-17.27.16:576][  0]LogMaterial: Missing cached shader map for material OculusControllerMaterial, compiling. 
[2018.04.26-17.27.16:613][  0]LogMaterial: Missing cached shader map for material FlattenHeightMat, compiling. 
[2018.04.26-17.27.16:639][  0]LogMaterial: Missing cached shader map for material ArrowMaterial, compiling. 
[2018.04.26-17.27.16:690][  0]LogMaterial: Missing cached shader map for material VRTextMaterial, compiling. 
[2018.04.26-17.27.16:721][  0]LogMaterial: Missing cached shader map for material TeleportDirectionMaterial, compiling. 
[2018.04.26-17.27.16:775][  0]LogMaterial: Missing cached shader map for material LaserPointerMaterial, compiling. 
[2018.04.26-17.27.16:815][  0]LogMaterial: Missing cached shader map for material LaserPointerMaterial, compiling. 
[2018.04.26-17.27.16:925][  0]LogMaterial: Missing cached shader map for material LineMaterial, compiling. 
[2018.04.26-17.27.16:962][  0]LogMaterial: Missing cached shader map for material VRTextMaterial, compiling. 
[2018.04.26-17.27.18:877][  0]LogMaterial: Missing cached shader map for material DefaultSpriteMaterial, compiling. 
[2018.04.26-17.27.18:918][  0]LogMaterial: Missing cached shader map for material DefaultSpriteMaterial, compiling. 
[2018.04.26-17.27.19:799][  0]LogTcpMessaging: Initializing TcpMessaging bridge
[2018.04.26-17.27.19:875][  0]LogUdpMessaging: Initializing bridge on interface 0.0.0.0:0 to multicast group 230.0.0.1:6666.
[2018.04.26-17.27.20:510][  0]LogMaterial: Missing cached shader map for material DefaultMaterial, compiling. 
[2018.04.26-17.27.21:437][  0]LogMaterial: Missing cached shader map for material BaseColor, compiling. 
[2018.04.26-17.27.21:457][  0]LogMaterial: Missing cached shader map for material CustomDepth, compiling. 
[2018.04.26-17.27.21:503][  0]LogMaterial: Uniform references updated for custom material expression Custom.
[2018.04.26-17.27.21:508][  0]LogMaterial: Missing cached shader map for material CustomStencil, compiling. 
[2018.04.26-17.27.21:528][  0]LogMaterial: Missing cached shader map for material FinalImage, compiling. 
[2018.04.26-17.27.21:548][  0]LogMaterial: Missing cached shader map for material LightingModel, compiling. 
[2018.04.26-17.27.21:567][  0]LogMaterial: Missing cached shader map for material MaterialAO, compiling. 
[2018.04.26-17.27.21:585][  0]LogMaterial: Missing cached shader map for material Metallic, compiling. 
[2018.04.26-17.27.21:604][  0]LogMaterial: Missing cached shader map for material Opacity, compiling. 
[2018.04.26-17.27.21:624][  0]LogMaterial: Missing cached shader map for material Roughness, compiling. 
[2018.04.26-17.27.21:642][  0]LogMaterial: Missing cached shader map for material SceneColor, compiling. 
[2018.04.26-17.27.21:660][  0]LogMaterial: Missing cached shader map for material SceneDepth, compiling. 
[2018.04.26-17.27.21:678][  0]LogMaterial: Missing cached shader map for material SeparateTranslucencyRGB, compiling. 
[2018.04.26-17.27.21:696][  0]LogMaterial: Missing cached shader map for material SeparateTranslucencyA, compiling. 
[2018.04.26-17.27.21:715][  0]LogMaterial: Missing cached shader map for material Specular, compiling. 
[2018.04.26-17.27.21:735][  0]LogMaterial: Missing cached shader map for material SubsurfaceColor, compiling. 
[2018.04.26-17.27.21:753][  0]LogMaterial: Missing cached shader map for material WorldNormal, compiling. 
[2018.04.26-17.27.21:774][  0]LogMaterial: Missing cached shader map for material AmbientOcclusion, compiling. 
[2018.04.26-17.27.21:809][  0]LogMaterial: Missing cached shader map for material CustomDepthWorldUnits, compiling. 
[2018.04.26-17.27.21:833][  0]LogMaterial: Missing cached shader map for material SceneDepthWorldUnits, compiling. 
[2018.04.26-17.27.21:852][  0]LogMaterial: Missing cached shader map for material PreTonemapHDRColor, compiling. 
[2018.04.26-17.27.21:871][  0]LogMaterial: Missing cached shader map for material PostTonemapHDRColor, compiling. 
[2018.04.26-17.27.22:633][  0]SourceControl: Source control is disabled
[2018.04.26-17.27.22:634][  0]SourceControl: Source control is disabled
[2018.04.26-17.27.22:749][  0]SourceControl: Source control is disabled
[2018.04.26-17.27.22:858][  0]SourceControl: Source control is disabled
[2018.04.26-17.27.23:939][  0]LogMaterial: Missing cached shader map for material DefaultMediaPlaneMaterial, compiling. 
[2018.04.26-17.27.24:541][  0]LogAndroidPermission: UAndroidPermissionCallbackProxy::GetInstance
[2018.04.26-17.27.25:087][  0]LogOcInput: OculusInput pre-init called
[2018.04.26-17.27.25:553][  0]LogMaterial: Missing cached shader map for material HighResScreenshot, compiling. 
[2018.04.26-17.27.25:583][  0]LogMaterial: Missing cached shader map for material HighResScreenshotMask, compiling. 
[2018.04.26-17.27.25:613][  0]LogMaterial: Missing cached shader map for material HighResScreenshotCaptureRegion, compiling. 
[2018.04.26-17.27.25:715][  0]LogEngine: Initializing Engine...
[2018.04.26-17.27.25:724][  0]LogHMD: Failed to initialize OpenVR with code 110
[2018.04.26-17.27.25:731][  0]LogMaterial: Missing cached shader map for material WireframeMaterial, compiling. Is special engine material.
[2018.04.26-17.27.26:105][  0]LogMaterial: Missing cached shader map for material LevelColorationLitMaterial, compiling. Is special engine material.
[2018.04.26-17.27.27:222][  0]LogMaterial: Missing cached shader map for material LevelColorationUnlitMaterial, compiling. Is special engine material.
[2018.04.26-17.27.27:583][  0]LogMaterial: Missing cached shader map for material MAT_LevelColorationLitLightmapUV, compiling. Is special engine material.
[2018.04.26-17.27.28:730][  0]LogMaterial: Missing cached shader map for material ShadedLevelColorationLitMaterial, compiling. Is special engine material.
[2018.04.26-17.27.29:756][  0]LogMaterial: Missing cached shader map for material ShadedLevelColorationUnlitMateri, compiling. Is special engine material.
[2018.04.26-17.27.30:066][  0]LogMaterial: Missing cached shader map for material VertexColorMaterial, compiling. 
[2018.04.26-17.27.30:227][  0]LogMaterial: Missing cached shader map for material VertexColorViewMode_ColorOnly, compiling. 
[2018.04.26-17.27.30:259][  0]LogMaterial: Missing cached shader map for material VertexColorViewMode_AlphaAsColor, compiling. 
[2018.04.26-17.27.30:284][  0]LogMaterial: Missing cached shader map for material VertexColorViewMode_RedOnly, compiling. 
[2018.04.26-17.27.30:314][  0]LogMaterial: Missing cached shader map for material VertexColorViewMode_GreenOnly, compiling. 
[2018.04.26-17.27.30:343][  0]LogMaterial: Missing cached shader map for material VertexColorViewMode_BlueOnly, compiling. 
[2018.04.26-17.27.30:376][  0]LogMaterial: Missing cached shader map for material RemoveSurfaceMaterial, compiling. 
[2018.04.26-17.27.30:390][  0]LogMaterial: Missing cached shader map for material DebugMeshMaterial, compiling. 
[2018.04.26-17.27.30:414][  0]LogMaterial: Missing cached shader map for material M_InvalidLightmapSettings, compiling. 
[2018.04.26-17.27.30:493][  0]LogMaterial: Missing cached shader map for material GizmoMaterial, compiling. 
[2018.04.26-17.27.30:526][  0]LogMaterial: Missing cached shader map for material PhAT_JointLimitMaterial, compiling. 
[2018.04.26-17.27.30:571][  0]LogMaterial: Missing cached shader map for material GeomMaterial, compiling. 
[2018.04.26-17.27.30:596][  0]LogMaterial: Missing cached shader map for material EditorBrushMaterial, compiling. 
[2018.04.26-17.27.30:620][  0]LogMaterial: Missing cached shader map for material BoneWeightMaterial, compiling. 
[2018.04.26-17.27.30:787][  0]LogMaterial: Missing cached shader map for material ClothMaterial, compiling. 
[2018.04.26-17.27.30:817][  0]LogMaterial: Missing cached shader map for material ClothMaterial_WF, compiling. 
[2018.04.26-17.27.30:853][  0]LogMaterial: Missing cached shader map for material DebugEditorMaterial, compiling. 
[2018.04.26-17.27.30:879][  0]LogMaterial: Missing cached shader map for material PreviewShadowIndicatorMaterial, compiling. 
[2018.04.26-17.27.31:006][  0]LogStats: UGameplayTagsManager::ConstructGameplayTagTree: Construct from data asset -  0.000 s
[2018.04.26-17.27.31:007][  0]LogStats: UGameplayTagsManager::ConstructGameplayTagTree: GameplayTagTreeChangedEvent.Broadcast -  0.000 s
[2018.04.26-17.27.31:326][  0]LogAIModule: Creating AISystem for world Untitled
[2018.04.26-17.27.31:372][  0]LogInit: XAudio2 using 'Speakers / Headphones (Realtek Audio)' : 2 channels at 48 kHz using 32 bits per sample (channel mask 0x3)
[2018.04.26-17.27.31:522][  0]LogInit: FAudioDevice initialized.
[2018.04.26-17.27.31:599][  0]LogDerivedDataCache: Saved boot cache 0.08s 82MB C:/Users/rudra/AppData/Local/UnrealEngine/4.18/DerivedDataCache/Boot.ddc.
[2018.04.26-17.27.31:635][  0]LogInit: Texture streaming: Enabled
[2018.04.26-17.27.31:842][  0]LogEngineSessionManager: EngineSessionManager initialized
[2018.04.26-17.27.32:134][  0]LogWindowsTextInputMethodSystem: Display: IME system now deactivated.
[2018.04.26-17.27.32:254][  0]LogInit: Transaction tracking system initialized
[2018.04.26-17.27.32:950][  0]BlueprintLog: New page: Editor Load
[2018.04.26-17.27.34:929][  0]LocalizationService: Localization service is disabled
[2018.04.26-17.27.36:038][  0]LogLinker: Warning: Can't find file '/Game/ThirdPersonBP/ThirdPersonOverview'
[2018.04.26-17.27.36:038][  0]LogLinker: Warning: Can't find file '/Game/ThirdPersonBP/ThirdPersonOverview'
[2018.04.26-17.27.36:039][  0]LogUObjectGlobals: Warning: Failed to find object 'Class /Game/ThirdPersonBP/ThirdPersonOverview.ThirdPersonOverview_C'
[2018.04.26-17.27.36:521][  0]LogConsoleResponse: Display: 
[2018.04.26-17.27.36:594][  0]LogMaterial: Missing cached shader map for material Cross_Mat, compiling. 
[2018.04.26-17.27.36:631][  0]LogMaterial: Missing cached shader map for material PhAT_BoneSelectedMaterial, compiling. 
[2018.04.26-17.27.36:656][  0]LogMaterial: Missing cached shader map for material PhAT_ElemSelectedMaterial, compiling. 
[2018.04.26-17.27.36:684][  0]LogMaterial: Missing cached shader map for material PhAT_NoCollisionMaterial, compiling. 
[2018.04.26-17.27.36:712][  0]LogMaterial: Missing cached shader map for material PhAT_UnselectedMaterial, compiling. 
[2018.04.26-17.27.36:742][  0]LogMaterial: Missing cached shader map for material Tick_Mat, compiling. 
[2018.04.26-17.27.36:777][  0]LogMaterial: Missing cached shader map for material WidgetGridVertexColorMaterial_Ma, compiling. 
[2018.04.26-17.27.36:801][  0]LogMaterial: Missing cached shader map for material WidgetMaterial, compiling. 
[2018.04.26-17.27.36:822][  0]LogMaterial: Missing cached shader map for material WidgetMaterial_Current, compiling. 
[2018.04.26-17.27.36:845][  0]LogMaterial: Missing cached shader map for material WidgetMaterial_X, compiling. 
[2018.04.26-17.27.36:868][  0]LogMaterial: Missing cached shader map for material WidgetMaterial_Y, compiling. 
[2018.04.26-17.27.36:893][  0]LogMaterial: Missing cached shader map for material WidgetMaterial_Z, compiling. 
[2018.04.26-17.27.36:921][  0]LogMaterial: Missing cached shader map for material WidgetVertexColorMaterial, compiling. 
[2018.04.26-17.27.37:004][  0]LogMaterial: Missing cached shader map for material LevelGridMaterial, compiling. 
[2018.04.26-17.27.37:092][  0]LogMaterial: Missing cached shader map for material BlinkingCaret, compiling. 
[2018.04.26-17.27.37:165][  0]LogMaterial: Missing cached shader map for material M_StreamingPause, compiling. 
[2018.04.26-17.27.37:228][  0]LogCook: Display: Max memory allowance for cook 16384mb min free memory 0mb
[2018.04.26-17.27.37:228][  0]LogCook: Display: Mobile HDR setting 1
[2018.04.26-17.27.37:229][  0]LogGameplayTags: Display: UGameplayTagsManager::DoneAddingNativeTags. DelegateIsBound: 0
[2018.04.26-17.27.38:306][  0]LogFileCache: Scanning file cache for directory 'C:/Users/rudra/Documents/UPenn Documents/Spring 2018 Class Docs/CIS 568 Game Design Practicum/Game2/MiniBowlingVR/MiniBowling/Content/' took 0.02s
[2018.04.26-17.27.39:804][  0]SourceControl: Source control is disabled
[2018.04.26-17.27.39:808][  0]LightingResults: New page: Lighting Build
[2018.04.26-17.27.39:904][  0]MapCheck: New page: Map Check
[2018.04.26-17.27.39:904][  0]LightingResults: New page: Lighting Build
[2018.04.26-17.27.40:085][  0]LogMaterial: Missing cached shader map for material M_BaseMaterial, compiling. 
[2018.04.26-17.27.40:250][  0]LogMaterial: Missing cached shader map for material M_TeleportPreviews, compiling. 
[2018.04.26-17.27.40:280][  0]LogMaterial: Missing cached shader map for material M_HandMat, compiling. 
[2018.04.26-17.27.40:403][  0]LogMaterial: Missing cached shader map for material M_ArcEndpoint, compiling. 
[2018.04.26-17.27.40:484][  0]LogMaterial: Missing cached shader map for material GenericHMDMaterial, compiling. 
[2018.04.26-17.27.40:533][  0]LogAIModule: Creating AISystem for world StartupMap
[2018.04.26-17.27.40:829][  0]LogEditorServer: Finished looking for orphan Actors (0.000 secs)
[2018.04.26-17.27.40:847][  0]Cmd: MAP CHECKDEP NOCLEARLOG
[2018.04.26-17.27.40:927][  0]MapCheck: Map check complete: 0 Error(s), 0 Warning(s), took 80.582ms to complete.
[2018.04.26-17.27.40:927][  0]LogFileHelpers: Loading map 'StartupMap' took 1.123
[2018.04.26-17.27.41:303][  0]LogCollectionManager: Loaded 0 collections in 0.002789 seconds
[2018.04.26-17.27.41:459][  0]LogFileCache: Scanning file cache for directory 'C:/Users/rudra/Documents/UPenn Documents/Spring 2018 Class Docs/CIS 568 Game Design Practicum/Game2/MiniBowlingVR/MiniBowling/Saved/Collections/' took 0.01s
[2018.04.26-17.27.41:459][  0]LogFileCache: Scanning file cache for directory 'C:/Users/rudra/Documents/UPenn Documents/Spring 2018 Class Docs/CIS 568 Game Design Practicum/Game2/MiniBowlingVR/MiniBowling/Content/Developers/rudra/Collections/' took 0.01s
[2018.04.26-17.27.41:459][  0]LogFileCache: Scanning file cache for directory 'C:/Users/rudra/Documents/UPenn Documents/Spring 2018 Class Docs/CIS 568 Game Design Practicum/Game2/MiniBowlingVR/MiniBowling/Content/Collections/' took 0.01s
[2018.04.26-17.27.41:459][  0]LogCollectionManager: Rebuilt the GUID cache for 0 collections in 0.000001 seconds
[2018.04.26-17.27.41:484][  0]LogContentBrowser: Native class hierarchy populated in 0.0215 seconds. Added 2363 classes and 519 folders.
[2018.04.26-17.27.41:638][  0]LogContentBrowser: Native class hierarchy updated for 'WidgetCarousel' in 0.0004 seconds. Added 0 classes and 0 folders.
[2018.04.26-17.27.42:233][  0]LogContentBrowser: Native class hierarchy updated for 'AddContentDialog' in 0.0004 seconds. Added 0 classes and 0 folders.
[2018.04.26-17.27.42:331][  0]LogContentBrowser: Native class hierarchy updated for 'SceneOutliner' in 0.0003 seconds. Added 1 classes and 2 folders.
[2018.04.26-17.27.42:419][  0]LogSlate: Took 0.007279 seconds to synchronously load lazily loaded font '../../../Engine/Content/Slate/Fonts/Roboto-Regular.ttf' (155K)
[2018.04.26-17.27.42:433][  0]LogSlate: Took 0.008915 seconds to synchronously load lazily loaded font '../../../Engine/Content/Slate/Fonts/Roboto-Bold.ttf' (160K)
[2018.04.26-17.27.42:457][  0]LogSlate: Took 0.008581 seconds to synchronously load lazily loaded font '../../../Engine/Content/Editor/Slate/Fonts/FontAwesome.ttf' (139K)
[2018.04.26-17.27.42:606][  0]LogMaterial: Missing cached shader map for material LevelGridMaterial2, compiling. 
[2018.04.26-17.27.42:742][  0]LogRenderer: Reallocating scene render targets to support 1052x600 Format 26 NumSamples 1 (Frame:1).
[2018.04.26-17.27.43:572][  0]LogContentBrowser: Native class hierarchy updated for 'HierarchicalLODOutliner' in 0.0004 seconds. Added 1 classes and 2 folders.
[2018.04.26-17.27.43:572][  0]LogLoad: (Engine Initialization) Total time: 118.25 seconds
[2018.04.26-17.27.43:572][  0]LogLoad: (Engine Initialization) Total Blueprint compile time: 0.00 seconds
[2018.04.26-17.27.43:573][  0]LogExternalProfiler: Found external profiler: VSPerf
[2018.04.26-17.27.43:573][  0]LogExternalProfiler: Using external profiler: VSPerf
[2018.04.26-17.27.43:951][  0]LogContentStreaming: Texture pool size now 1000 MB
[2018.04.26-17.27.44:029][  0]LogSlate: Took 0.008847 seconds to synchronously load lazily loaded font '../../../Engine/Content/Slate/Fonts/Roboto-Light.ttf' (159K)
[2018.04.26-17.27.44:246][  1]LogFileCache: Retrieving MD5 hashes for directory 'C:/Users/rudra/Documents/UPenn Documents/Spring 2018 Class Docs/CIS 568 Game Design Practicum/Game2/MiniBowlingVR/MiniBowling/Content/' took 0.32s
[2018.04.26-17.27.44:591][  2]LogAssetRegistry: Asset discovery search completed in 37.1420 seconds
[2018.04.26-17.27.44:595][  2]LogCollectionManager: Rebuilt the object cache for 0 collections in 0.000001 seconds (found 0 objects)
[2018.04.26-17.27.44:595][  2]LogCollectionManager: Fixed up redirectors for 0 collections in 0.000445 seconds (updated 0 objects)
[2018.04.26-17.27.44:931][  3]LogSlate: Took 0.000243 seconds to synchronously load lazily loaded font '../../../Engine/Content/Slate/Fonts/Roboto-Light.ttf' (159K)
[2018.04.26-17.27.51:986][ 25]LogSynthBenchmark: Display: FSynthBenchmark (V0.95):  requested WorkScale=5.00
[2018.04.26-17.27.51:986][ 25]LogSynthBenchmark: Display: ===============
[2018.04.26-17.27.51:986][ 25]LogSynthBenchmark: Display: Main Processor:
[2018.04.26-17.27.52:270][ 25]LogSynthBenchmark: Display:          ... 0.031308 s/Run 'RayIntersect'
[2018.04.26-17.27.52:270][ 25]LogSynthBenchmark: Display:          ... 0.025630 s/Run 'Fractal'
[2018.04.26-17.27.52:270][ 25]LogSynthBenchmark: Display: 
[2018.04.26-17.27.52:270][ 25]LogSynthBenchmark: Display:   CompiledTarget_x_Bits: 64
[2018.04.26-17.27.52:270][ 25]LogSynthBenchmark: Display:   UE_BUILD_SHIPPING: 0
[2018.04.26-17.27.52:270][ 25]LogSynthBenchmark: Display:   UE_BUILD_TEST: 0
[2018.04.26-17.27.52:270][ 25]LogSynthBenchmark: Display:   UE_BUILD_DEBUG: 0
[2018.04.26-17.27.52:270][ 25]LogSynthBenchmark: Display:   TotalPhysicalGBRam: 16
[2018.04.26-17.27.52:270][ 25]LogSynthBenchmark: Display:   NumberOfCores (physical): 4
[2018.04.26-17.27.52:270][ 25]LogSynthBenchmark: Display:   NumberOfCores (logical): 8
[2018.04.26-17.27.52:270][ 25]LogSynthBenchmark: Display:   CPU Perf Index 0: 81.8 (weight 1.00)
[2018.04.26-17.27.52:270][ 25]LogSynthBenchmark: Display:   CPU Perf Index 1: 111.6 (weight 1.50)
[2018.04.26-17.27.52:270][ 25]LogSynthBenchmark: Display:  
[2018.04.26-17.27.52:270][ 25]LogSynthBenchmark: Display: Graphics:
[2018.04.26-17.27.52:270][ 25]LogSynthBenchmark: Display:   Adapter Name: 'NVIDIA GeForce GTX 1050'
[2018.04.26-17.27.52:270][ 25]LogSynthBenchmark: Display:   (On Optimus the name might be wrong, memory should be ok)
[2018.04.26-17.27.52:270][ 25]LogSynthBenchmark: Display:   Vendor Id: 0x10DE
[2018.04.26-17.27.52:271][ 25]LogSynthBenchmark: Display:   Device Id: 0x1C8D
[2018.04.26-17.27.52:271][ 25]LogSynthBenchmark: Display:   Device Revision: 0xA1
[2018.04.26-17.27.52:271][ 25]LogSynthBenchmark: Display:   GPU Memory: 4031/0/8118 MB
[2018.04.26-17.27.52:393][ 25]LogSynthBenchmark: Display:   GPU first test: 0.05s
[2018.04.26-17.27.52:394][ 25]LogSynthBenchmark: Display:          ... 1.780 s/GigaPix, Confidence=100% 'ALUHeavyNoise' (likely to be very inaccurate)
[2018.04.26-17.27.52:394][ 25]LogSynthBenchmark: Display:          ... 1.511 s/GigaPix, Confidence=89% 'TexHeavy' (likely to be very inaccurate)
[2018.04.26-17.27.52:394][ 25]LogSynthBenchmark: Display:          ... 1.281 s/GigaPix, Confidence=100% 'DepTexHeavy' (likely to be very inaccurate)
[2018.04.26-17.27.52:394][ 25]LogSynthBenchmark: Display:          ... 5.738 s/GigaPix, Confidence=100% 'FillOnly' (likely to be very inaccurate)
[2018.04.26-17.27.52:394][ 25]LogSynthBenchmark: Display:          ... 0.152 s/GigaPix, Confidence=100% 'Bandwidth' (likely to be very inaccurate)
[2018.04.26-17.27.52:394][ 25]LogSynthBenchmark: Display:          ... 2.281 s/GigaVert, Confidence=89% 'VertThroughPut1' (likely to be very inaccurate)
[2018.04.26-17.27.52:394][ 25]LogSynthBenchmark: Display:          ... 1.569 s/GigaVert, Confidence=100% 'VertThroughPut2' (likely to be very inaccurate)
[2018.04.26-17.27.52:772][ 25]LogSynthBenchmark: Display:   GPU second test: 0.32s
[2018.04.26-17.27.52:772][ 25]LogSynthBenchmark: Display:          ... 3.399 s/GigaPix, Confidence=100% 'ALUHeavyNoise' (likely to be inaccurate)
[2018.04.26-17.27.52:772][ 25]LogSynthBenchmark: Display:          ... 2.500 s/GigaPix, Confidence=100% 'TexHeavy' (likely to be inaccurate)
[2018.04.26-17.27.52:772][ 25]LogSynthBenchmark: Display:          ... 2.363 s/GigaPix, Confidence=100% 'DepTexHeavy' (likely to be inaccurate)
[2018.04.26-17.27.52:772][ 25]LogSynthBenchmark: Display:          ... 11.883 s/GigaPix, Confidence=89% 'FillOnly' (likely to be inaccurate)
[2018.04.26-17.27.52:772][ 25]LogSynthBenchmark: Display:          ... 0.274 s/GigaPix, Confidence=89% 'Bandwidth' (likely to be inaccurate)
[2018.04.26-17.27.52:772][ 25]LogSynthBenchmark: Display:          ... 1.717 s/GigaVert, Confidence=89% 'VertThroughPut1' (likely to be inaccurate)
[2018.04.26-17.27.52:772][ 25]LogSynthBenchmark: Display:          ... 2.383 s/GigaVert, Confidence=89% 'VertThroughPut2' (likely to be inaccurate)
[2018.04.26-17.27.52:772][ 25]LogSynthBenchmark: Display:   GPU Final Results:
[2018.04.26-17.27.52:772][ 25]LogSynthBenchmark: Display:          ... 3.399 s/GigaPix, Confidence=100% 'ALUHeavyNoise'
[2018.04.26-17.27.52:772][ 25]LogSynthBenchmark: Display:          ... 2.500 s/GigaPix, Confidence=100% 'TexHeavy'
[2018.04.26-17.27.52:772][ 25]LogSynthBenchmark: Display:          ... 2.363 s/GigaPix, Confidence=100% 'DepTexHeavy'
[2018.04.26-17.27.52:772][ 25]LogSynthBenchmark: Display:          ... 11.883 s/GigaPix, Confidence=89% 'FillOnly'
[2018.04.26-17.27.52:772][ 25]LogSynthBenchmark: Display:          ... 0.274 s/GigaPix, Confidence=89% 'Bandwidth'
[2018.04.26-17.27.52:772][ 25]LogSynthBenchmark: Display:          ... 1.717 s/GigaVert, Confidence=89% 'VertThroughPut1'
[2018.04.26-17.27.52:772][ 25]LogSynthBenchmark: Display:          ... 2.383 s/GigaVert, Confidence=89% 'VertThroughPut2'
[2018.04.26-17.27.52:772][ 25]LogSynthBenchmark: Display: 
[2018.04.26-17.27.52:772][ 25]LogSynthBenchmark: Display:   GPU Perf Index 0: 73.9 (weight 1.00)
[2018.04.26-17.27.52:772][ 25]LogSynthBenchmark: Display:   GPU Perf Index 1: 33.6 (weight 0.10)
[2018.04.26-17.27.52:772][ 25]LogSynthBenchmark: Display:   GPU Perf Index 2: 61.4 (weight 0.10)
[2018.04.26-17.27.52:772][ 25]LogSynthBenchmark: Display:   GPU Perf Index 3: 46.7 (weight 3.00)
[2018.04.26-17.27.52:772][ 25]LogSynthBenchmark: Display:   GPU Perf Index 4: 25.5 (weight 1.00)
[2018.04.26-17.27.52:772][ 25]LogSynthBenchmark: Display:   GPU Perf Index 5: 111.7 (weight 0.00)
[2018.04.26-17.27.52:772][ 25]LogSynthBenchmark: Display:   GPU Perf Index 6: 134.9 (weight 0.00)
[2018.04.26-17.27.52:772][ 25]LogSynthBenchmark: Display:   CPUIndex: 99.7
[2018.04.26-17.27.52:772][ 25]LogSynthBenchmark: Display:   GPUIndex: 47.9
[2018.04.26-17.27.52:772][ 25]LogSynthBenchmark: Display: 
[2018.04.26-17.27.52:772][ 25]LogSynthBenchmark: Display:          ... Total Time: 0.787060 sec
[2018.04.26-17.28.59:150][487]LogSlate: Took 0.000195 seconds to synchronously load lazily loaded font '../../../Engine/Content/Slate/Fonts/Roboto-Light.ttf' (159K)
[2018.04.26-17.28.59:746][487]LogTexture: Display: Building textures: HQ_Lightmap1_3 (AutoDXT, 64X64)
[2018.04.26-17.28.59:746][487]LogTexture: Display: Building textures: LQ_Lightmap_1_3 (DXT1, 64X64)
[2018.04.26-17.28.59:746][487]LogTexture: Display: Building textures: HQ_Lightmap1_2 (AutoDXT, 512X512)
[2018.04.26-17.28.59:746][487]LogTexture: Display: Building textures: LQ_Lightmap_1_2 (DXT1, 512X512)
[2018.04.26-17.28.59:746][487]LogTexture: Display: Building textures: ShadowMapTexture2D_1 (G8, 1024X128)
[2018.04.26-17.28.59:746][487]LogTexture: Display: Building textures: ShadowMapTexture2D_0 (G8, 1024X512)
[2018.04.26-17.28.59:746][487]LogMaterial: Missing cached shader map for material M_SplineArcMat, compiling. 
[2018.04.26-17.28.59:861][487]LogTexture: Display: Building textures: ShadowMapTexture2D_2 (G8, 32X32)
[2018.04.26-17.28.59:861][487]LogTexture: Display: Building textures: LQ_Lightmap_1_1 (DXT1, 1024X1024)
[2018.04.26-17.28.59:861][487]LogTexture: Display: Building textures: HQ_Lightmap1_1 (AutoDXT, 1024X1024)
[2018.04.26-17.29.00:024][487]LogMaterial: Missing cached shader map for material M_Rock_Marble_Polished, compiling. 
[2018.04.26-17.29.00:096][487]LogStaticMesh: Building static mesh Bowling_Pin...
[2018.04.26-17.29.00:125][487]LogStaticMesh: Built static mesh [0.03s] /Game/VirtualRealityBP/Maps/Bowling_Pin.Bowling_Pin
[2018.04.26-17.29.00:135][487]LogMaterial: Missing cached shader map for material lambert1, compiling. 
[2018.04.26-17.29.00:172][487]LogMaterial: Missing cached shader map for material M_Basic_Wall, compiling. 
[2018.04.26-17.29.00:259][487]LogStaticMesh: Building static mesh curve_lattice_s_flatborders...
[2018.04.26-17.29.00:264][487]LogStaticMesh: Built static mesh [0.01s] /Game/VirtualRealityBP/Blueprints/LevelAssets/curve_lattice_s_flatborders.curve_lattice_s_flatborders
[2018.04.26-17.29.00:270][487]LogMaterial: Missing cached shader map for material lambert1, compiling. 
[2018.04.26-17.29.00:324][487]LogStaticMesh: Building static mesh curve_lattice_s_curveborders...
[2018.04.26-17.29.00:328][487]LogStaticMesh: Built static mesh [0.01s] /Game/VirtualRealityBP/Blueprints/LevelAssets/curve_lattice_s_curveborders.curve_lattice_s_curveborders
[2018.04.26-17.29.00:330][487]LogStaticMesh: Building static mesh straight_segment...
[2018.04.26-17.29.00:332][487]LogStaticMesh: Built static mesh [0.00s] /Game/Assets/straight_segment.straight_segment
[2018.04.26-17.29.00:333][487]LogStaticMesh: Building static mesh straight_curve_connector...
[2018.04.26-17.29.00:335][487]LogStaticMesh: Built static mesh [0.00s] /Game/Assets/straight_curve_connector.straight_curve_connector
[2018.04.26-17.29.00:414][487]LogMaterial: Missing cached shader map for material M_Sky_Panning_Clouds2, compiling. 
[2018.04.26-17.29.00:427][487]LogStaticMesh: Building static mesh curve_90_segment_2...
[2018.04.26-17.29.00:430][487]LogStaticMesh: Built static mesh [0.00s] /Game/Assets/curve_90_segment_2.curve_90_segment_2
[2018.04.26-17.29.00:482][487]LogMaterial: Missing cached shader map for material lambert1, compiling. 
[2018.04.26-17.29.00:527][487]LogMaterial: Missing cached shader map for material lambert2, compiling. 
[2018.04.26-17.29.00:569][487]LogMaterial: Missing cached shader map for material BasicShapeMaterial, compiling. 
[2018.04.26-17.29.00:661][487]LogAIModule: Creating AISystem for world GameMap1
[2018.04.26-17.29.00:680][487]LogSlate: Took 0.000287 seconds to synchronously load lazily loaded font '../../../Engine/Content/Slate/Fonts/Roboto-Regular.ttf' (155K)
[2018.04.26-17.29.00:715][487]LightingResults: New page: Lighting Build
[2018.04.26-17.29.00:716][487]LoadErrors: New page: Loading map: GameMap1.umap
[2018.04.26-17.29.00:720][487]MapCheck: New page: Map Check
[2018.04.26-17.29.00:720][487]LightingResults: New page: Lighting Build
[2018.04.26-17.29.00:748][487]LogEditorServer: Finished looking for orphan Actors (0.000 secs)
[2018.04.26-17.29.00:835][487]Cmd: MAP CHECKDEP NOCLEARLOG
[2018.04.26-17.29.00:930][487]MapCheck: Map check complete: 0 Error(s), 0 Warning(s), took 94.71ms to complete.
[2018.04.26-17.29.00:931][487]LogFileHelpers: Loading map 'GameMap1' took 0.220
[2018.04.26-17.29.06:748][815]LogWindowsTextInputMethodSystem: Display: IME system now deactivated.
[2018.04.26-17.29.07:000][816]Cmd: QUIT_EDITOR
[2018.04.26-17.29.07:070][816]LogExit: Preparing to exit.
[2018.04.26-17.29.08:065][816]LogDirectoryWatcher: A directory notification for 'C:/Users/rudra/Documents/UPenn Documents/Spring 2018 Class Docs/CIS 568 Game Design Practicum/Game2/MiniBowlingVR/MiniBowling/Content/' was aborted.
[2018.04.26-17.29.08:093][816]LogExit: Editor shut down
[2018.04.26-17.29.08:097][816]LogExit: Transaction tracking system shut down
[2018.04.26-17.29.08:337][816]LogDirectoryWatcher: A directory notification for '../../../Engine/Content/' was aborted.
[2018.04.26-17.29.08:337][816]LogDirectoryWatcher: A directory notification for '../../../../../../Users/rudra/Documents/UPenn Documents/Spring 2018 Class Docs/CIS 568 Game Design Practicum/Game2/MiniBowlingVR/MiniBowling/Content/' was aborted.
[2018.04.26-17.29.08:337][816]LogDirectoryWatcher: A directory notification for '../../../Engine/Plugins/2D/Paper2D/Content/' was aborted.
[2018.04.26-17.29.08:337][816]LogDirectoryWatcher: A directory notification for '../../../Engine/Plugins/Media/MediaCompositing/Content/' was aborted.
[2018.04.26-17.29.08:337][816]LogDirectoryWatcher: A directory notification for '../../../Engine/Plugins/Runtime/AppleARKit/Content/' was aborted.
[2018.04.26-17.29.08:337][816]LogDirectoryWatcher: A directory notification for '../../../Engine/Plugins/Runtime/Oculus/OculusVR/Content/' was aborted.
[2018.04.26-17.29.08:338][816]LogDirectoryWatcher: A directory notification for '../../../Engine/Plugins/Runtime/Steam/SteamVR/Content/' was aborted.
[2018.04.26-17.29.08:425][816]LogExit: Object subsystem successfully closed.
[2018.04.26-17.29.08:445][816]LogD3D11RHI: Shutdown
[2018.04.26-17.29.08:446][816]LogD3D11RHI: CleanupD3DDevice
[2018.04.26-17.29.08:448][816]LogD3D11RHI: ~FD3D11DynamicRHI
[2018.04.26-17.29.08:485][816]LogModuleManager: Shutting down and abandoning module SynthBenchmark (550)
[2018.04.26-17.29.08:485][816]LogModuleManager: Shutting down and abandoning module HierarchicalLODOutliner (548)
[2018.04.26-17.29.08:485][816]LogModuleManager: Shutting down and abandoning module SceneOutliner (546)
[2018.04.26-17.29.08:485][816]LogModuleManager: Shutting down and abandoning module AddContentDialog (544)
[2018.04.26-17.29.08:486][816]LogDirectoryWatcher: A directory notification for 'C:/Program Files/Epic Games/UE_4.18/FeaturePacks/' was aborted.
[2018.04.26-17.29.08:487][816]LogModuleManager: Shutting down and abandoning module WidgetCarousel (543)
[2018.04.26-17.29.08:487][816]LogModuleManager: Shutting down and abandoning module EditorWidgets (540)
[2018.04.26-17.29.08:487][816]LogModuleManager: Shutting down and abandoning module CollectionManager (538)
[2018.04.26-17.29.08:487][816]LogDirectoryWatcher: A directory notification for 'C:/Users/rudra/Documents/UPenn Documents/Spring 2018 Class Docs/CIS 568 Game Design Practicum/Game2/MiniBowlingVR/MiniBowling/Content/Collections/' was aborted.
[2018.04.26-17.29.08:487][816]LogDirectoryWatcher: A directory notification for 'C:/Users/rudra/Documents/UPenn Documents/Spring 2018 Class Docs/CIS 568 Game Design Practicum/Game2/MiniBowlingVR/MiniBowling/Content/Developers/rudra/Collections/' was aborted.
[2018.04.26-17.29.08:487][816]LogDirectoryWatcher: A directory notification for 'C:/Users/rudra/Documents/UPenn Documents/Spring 2018 Class Docs/CIS 568 Game Design Practicum/Game2/MiniBowlingVR/MiniBowling/Saved/Collections/' was aborted.
[2018.04.26-17.29.08:487][816]LogModuleManager: Shutting down and abandoning module StatsViewer (536)
[2018.04.26-17.29.08:488][816]LogModuleManager: Shutting down and abandoning module FoliageEdit (534)
[2018.04.26-17.29.08:488][816]LogModuleManager: Shutting down and abandoning module LandscapeEditor (532)
[2018.04.26-17.29.08:489][816]LogModuleManager: Shutting down and abandoning module MeshPaintMode (530)
[2018.04.26-17.29.08:489][816]LogModuleManager: Shutting down and abandoning module SceneDepthPickerMode (528)
[2018.04.26-17.29.08:489][816]LogModuleManager: Shutting down and abandoning module ActorPickerMode (526)
[2018.04.26-17.29.08:489][816]LogModuleManager: Shutting down and abandoning module GeometryMode (524)
[2018.04.26-17.29.08:489][816]LogModuleManager: Shutting down and abandoning module TextureAlignMode (522)
[2018.04.26-17.29.08:489][816]LogModuleManager: Shutting down and abandoning module BspMode (520)
[2018.04.26-17.29.08:489][816]LogModuleManager: Shutting down and abandoning module PIEPreviewDeviceProfileSelector (518)
[2018.04.26-17.29.08:489][816]LogModuleManager: Shutting down and abandoning module HardwareSurvey (516)
[2018.04.26-17.29.08:489][816]LogModuleManager: Shutting down and abandoning module SequenceRecorderSections (514)
[2018.04.26-17.29.08:489][816]LogModuleManager: Shutting down and abandoning module AutomationWorker (512)
[2018.04.26-17.29.08:489][816]LogModuleManager: Shutting down and abandoning module MatineeToLevelSequence (510)
[2018.04.26-17.29.08:490][816]LogModuleManager: Shutting down and abandoning module LevelSequenceEditor (508)
[2018.04.26-17.29.08:491][816]LogModuleManager: Shutting down and abandoning module PlacementMode (507)
[2018.04.26-17.29.08:491][816]LogModuleManager: Shutting down and abandoning module WmfMediaFactory (504)
[2018.04.26-17.29.08:491][816]LogModuleManager: Shutting down and abandoning module WmfMediaEditor (502)
[2018.04.26-17.29.08:491][816]LogModuleManager: Shutting down and abandoning module OpenExrWrapper (500)
[2018.04.26-17.29.08:491][816]LogModuleManager: Shutting down and abandoning module ImgMediaFactory (498)
[2018.04.26-17.29.08:491][816]LogModuleManager: Shutting down and abandoning module ImgMediaEditor (496)
[2018.04.26-17.29.08:491][816]LogModuleManager: Shutting down and abandoning module AvfMediaFactory (494)
[2018.04.26-17.29.08:491][816]LogModuleManager: Shutting down and abandoning module AvfMediaEditor (492)
[2018.04.26-17.29.08:491][816]LogModuleManager: Shutting down and abandoning module AndroidMediaFactory (490)
[2018.04.26-17.29.08:491][816]LogModuleManager: Shutting down and abandoning module AndroidMediaEditor (488)
[2018.04.26-17.29.08:491][816]LogModuleManager: Shutting down and abandoning module CharacterAI (486)
[2018.04.26-17.29.08:491][816]LogModuleManager: Shutting down and abandoning module AudioCapture (484)
[2018.04.26-17.29.08:491][816]LogModuleManager: Shutting down and abandoning module SequenceRecorder (483)
[2018.04.26-17.29.08:491][816]LogModuleManager: Shutting down and abandoning module SmartSnapping (480)
[2018.04.26-17.29.08:491][816]LogModuleManager: Shutting down and abandoning module SessionServices (478)
[2018.04.26-17.29.08:491][816]LogModuleManager: Shutting down and abandoning module ViewportSnapping (476)
[2018.04.26-17.29.08:491][816]LogModuleManager: Shutting down and abandoning module ViewportInteraction (474)
[2018.04.26-17.29.08:491][816]LogModuleManager: Shutting down and abandoning module ClothPainter (472)
[2018.04.26-17.29.08:492][816]LogModuleManager: Shutting down and abandoning module SkeletalMeshEditor (471)
[2018.04.26-17.29.08:493][816]LogModuleManager: Shutting down and abandoning module LogVisualizer (468)
[2018.04.26-17.29.08:494][816]LogModuleManager: Shutting down and abandoning module IntroTutorials (466)
[2018.04.26-17.29.08:494][816]LogModuleManager: Shutting down and abandoning module GameProjectGeneration (465)
[2018.04.26-17.29.08:496][816]LogModuleManager: Shutting down and abandoning module IOSPlatformEditor (462)
[2018.04.26-17.29.08:496][816]LogModuleManager: Shutting down and abandoning module HTML5PlatformEditor (460)
[2018.04.26-17.29.08:496][816]LogModuleManager: Shutting down and abandoning module AndroidPlatformEditor (458)
[2018.04.26-17.29.08:496][816]LogModuleManager: Shutting down and abandoning module AndroidDeviceDetection (457)
[2018.04.26-17.29.08:792][816]LogModuleManager: Shutting down and abandoning module WindowsPlatformEditor (454)
[2018.04.26-17.29.08:792][816]LogModuleManager: Shutting down and abandoning module IOSRuntimeSettings (452)
[2018.04.26-17.29.08:792][816]LogModuleManager: Shutting down and abandoning module AndroidRuntimeSettings (450)
[2018.04.26-17.29.08:792][816]LogModuleManager: Shutting down and abandoning module InputBindingEditor (448)
[2018.04.26-17.29.08:793][816]LogModuleManager: Shutting down and abandoning module MergeActors (446)
[2018.04.26-17.29.08:794][816]LogModuleManager: Shutting down and abandoning module SizeMap (444)
[2018.04.26-17.29.08:794][816]LogModuleManager: Shutting down and abandoning module TreeMap (442)
[2018.04.26-17.29.08:795][816]LogModuleManager: Shutting down and abandoning module ReferenceViewer (440)
[2018.04.26-17.29.08:795][816]LogModuleManager: Shutting down and abandoning module LocalizationDashboard (438)
[2018.04.26-17.29.08:796][816]LogModuleManager: Shutting down and abandoning module LocalizationService (437)
[2018.04.26-17.29.08:797][816]LogModuleManager: Shutting down and abandoning module HardwareTargeting (434)
[2018.04.26-17.29.08:797][816]LogModuleManager: Shutting down and abandoning module DeviceProfileEditor (432)
[2018.04.26-17.29.08:797][816]LogModuleManager: Shutting down and abandoning module UndoHistory (430)
[2018.04.26-17.29.08:797][816]LogModuleManager: Shutting down and abandoning module XmlParser (428)
[2018.04.26-17.29.08:797][816]LogModuleManager: Shutting down and abandoning module Blutility (426)
[2018.04.26-17.29.08:797][816]LogModuleManager: Shutting down and abandoning module ProjectSettingsViewer (424)
[2018.04.26-17.29.08:797][816]LogModuleManager: Shutting down and abandoning module ProjectTargetPlatformEditor (423)
[2018.04.26-17.29.08:798][816]LogModuleManager: Shutting down and abandoning module EditorSettingsViewer (420)
[2018.04.26-17.29.08:798][816]LogModuleManager: Shutting down and abandoning module SettingsEditor (418)
[2018.04.26-17.29.08:798][816]LogModuleManager: Shutting down and abandoning module ProjectLauncher (416)
[2018.04.26-17.29.08:799][816]LogModuleManager: Shutting down and abandoning module SessionFrontend (414)
[2018.04.26-17.29.08:800][816]LogModuleManager: Shutting down and abandoning module ProfilerClient (412)
[2018.04.26-17.29.08:800][816]LogModuleManager: Shutting down and abandoning module DeviceManager (410)
[2018.04.26-17.29.08:801][816]LogModuleManager: Shutting down and abandoning module TargetDeviceServices (409)
[2018.04.26-17.29.08:866][816]LogModuleManager: Shutting down and abandoning module AutomationController (406)
[2018.04.26-17.29.08:868][816]LogModuleManager: Shutting down and abandoning module AutomationWindow (404)
[2018.04.26-17.29.08:870][816]LogModuleManager: Shutting down and abandoning module Layers (402)
[2018.04.26-17.29.08:873][816]LogModuleManager: Shutting down and abandoning module ComponentVisualizers (400)
[2018.04.26-17.29.08:873][816]LogModuleManager: Shutting down and abandoning module DetailCustomizations (398)
[2018.04.26-17.29.08:874][816]LogModuleManager: Shutting down and abandoning module PackagesDialog (396)
[2018.04.26-17.29.08:875][816]LogModuleManager: Shutting down and abandoning module Persona (394)
[2018.04.26-17.29.08:877][816]LogModuleManager: Shutting down and abandoning module AdvancedPreviewScene (393)
[2018.04.26-17.29.08:877][816]LogModuleManager: Shutting down and abandoning module AnimGraph (391)
[2018.04.26-17.29.08:877][816]LogModuleManager: Shutting down and abandoning module Kismet (388)
[2018.04.26-17.29.08:880][816]LogModuleManager: Shutting down and abandoning module ClassViewer (386)
[2018.04.26-17.29.08:881][816]LogModuleManager: Shutting down and abandoning module Toolbox (384)
[2018.04.26-17.29.08:881][816]LogModuleManager: Shutting down and abandoning module ModuleUI (382)
[2018.04.26-17.29.08:881][816]LogModuleManager: Shutting down and abandoning module MovieSceneTools (380)
[2018.04.26-17.29.08:883][816]LogModuleManager: Shutting down and abandoning module OutputLog (378)
[2018.04.26-17.29.08:884][816]LogModuleManager: Shutting down and abandoning module GammaUI (376)
[2018.04.26-17.29.08:884][816]LogModuleManager: Shutting down and abandoning module Documentation (374)
[2018.04.26-17.29.08:884][816]LogModuleManager: Shutting down and abandoning module MovieSceneTracks (372)
[2018.04.26-17.29.08:884][816]LogModuleManager: Shutting down and abandoning module MovieScene (370)
[2018.04.26-17.29.08:885][816]LogModuleManager: Shutting down and abandoning module StreamingPauseRendering (368)
[2018.04.26-17.29.08:885][816]LogModuleManager: Shutting down and abandoning module LauncherPlatform (366)
[2018.04.26-17.29.08:885][816]LogModuleManager: Shutting down and abandoning module AnalyticsET (364)
[2018.04.26-17.29.08:885][816]LogModuleManager: Shutting down and abandoning module PortalServices (362)
[2018.04.26-17.29.08:885][816]LogModuleManager: Shutting down and abandoning module PortalRpc (360)
[2018.04.26-17.29.08:885][816]LogModuleManager: Shutting down and abandoning module MessagingRpc (358)
[2018.04.26-17.29.08:885][816]LogModuleManager: Shutting down and abandoning module AIModule (356)
[2018.04.26-17.29.08:885][816]LogModuleManager: Shutting down and abandoning module GameplayDebugger (355)
[2018.04.26-17.29.08:886][816]LogModuleManager: Shutting down and abandoning module AITestSuite (353)
[2018.04.26-17.29.08:886][816]LogModuleManager: Shutting down and abandoning module DesktopPlatform (350)
[2018.04.26-17.29.08:886][816]LogModuleManager: Shutting down and abandoning module ProfilerService (348)
[2018.04.26-17.29.09:129][816]LogModuleManager: Shutting down and abandoning module TaskGraph (346)
[2018.04.26-17.29.09:130][816]LogModuleManager: Shutting down and abandoning module SteamVRController (344)
[2018.04.26-17.29.09:131][816]LogModuleManager: Shutting down and abandoning module ProceduralMeshComponentEditor (342)
[2018.04.26-17.29.09:131][816]LogModuleManager: Shutting down and abandoning module ProceduralMeshComponent (340)
[2018.04.26-17.29.09:131][816]LogModuleManager: Shutting down and abandoning module OculusInput (338)
[2018.04.26-17.29.09:131][816]LogModuleManager: Shutting down and abandoning module MobilePatchingUtils (336)
[2018.04.26-17.29.09:131][816]LogModuleManager: Shutting down and abandoning module CustomMeshComponent (334)
[2018.04.26-17.29.09:131][816]LogModuleManager: Shutting down and abandoning module CableComponent (332)
[2018.04.26-17.29.09:131][816]LogModuleManager: Shutting down and abandoning module ArchVisCharacter (330)
[2018.04.26-17.29.09:131][816]LogModuleManager: Shutting down and abandoning module AndroidPermission (328)
[2018.04.26-17.29.09:131][816]LogModuleManager: Shutting down and abandoning module ActorSequence (324)
[2018.04.26-17.29.09:131][816]LogModuleManager: Shutting down and abandoning module MediaPlayerEditor (322)
[2018.04.26-17.29.09:135][816]LogModuleManager: Shutting down and abandoning module MediaCompositingEditor (320)
[2018.04.26-17.29.09:135][816]LogModuleManager: Shutting down and abandoning module MediaCompositing (318)
[2018.04.26-17.29.09:135][816]LogModuleManager: Shutting down and abandoning module HTML5Networking (316)
[2018.04.26-17.29.09:135][816]LogModuleManager: Shutting down and abandoning module AlembicImporter (314)
[2018.04.26-17.29.09:136][816]LogModuleManager: Shutting down and abandoning module AlembicLibrary (313)
[2018.04.26-17.29.09:136][816]LogModuleManager: Shutting down and abandoning module GeometryCache (312)
[2018.04.26-17.29.09:136][816]LogModuleManager: Shutting down and abandoning module GeometryCacheEd (311)
[2018.04.26-17.29.09:136][816]LogModuleManager: Shutting down and abandoning module SpeedTreeImporter (306)
[2018.04.26-17.29.09:136][816]LogModuleManager: Shutting down and abandoning module PluginBrowser (304)
[2018.04.26-17.29.09:140][816]LogModuleManager: Shutting down and abandoning module MobileLauncherProfileWizard (302)
[2018.04.26-17.29.09:141][816]LogModuleManager: Shutting down and abandoning module VisualStudioSourceCodeAccess (300)
[2018.04.26-17.29.09:141][816]LogModuleManager: Shutting down and abandoning module VisualStudioCodeSourceCodeAccess (298)
[2018.04.26-17.29.09:141][816]LogModuleManager: Shutting down and abandoning module UObjectPlugin (296)
[2018.04.26-17.29.09:141][816]LogModuleManager: Shutting down and abandoning module SubversionSourceControl (294)
[2018.04.26-17.29.09:142][816]LogModuleManager: Shutting down and abandoning module PerforceSourceControl (292)
[2018.04.26-17.29.09:144][816]LogModuleManager: Shutting down and abandoning module GitSourceControl (290)
[2018.04.26-17.29.09:145][816]LogModuleManager: Shutting down and abandoning module SourceControl (289)
[2018.04.26-17.29.09:146][816]LogModuleManager: Shutting down and abandoning module LightPropagationVolumeEditor (286)
[2018.04.26-17.29.09:146][816]LogModuleManager: Shutting down and abandoning module PaperTiledImporter (284)
[2018.04.26-17.29.09:146][816]LogModuleManager: Shutting down and abandoning module PaperSpriteSheetImporter (282)
[2018.04.26-17.29.09:146][816]LogModuleManager: Shutting down and abandoning module Paper2DEditor (280)
[2018.04.26-17.29.09:148][816]LogModuleManager: Shutting down and abandoning module MeshPaint (279)
[2018.04.26-17.29.09:148][816]LogModuleManager: Shutting down and abandoning module LevelEditor (277)
[2018.04.26-17.29.09:151][816]LogModuleManager: Shutting down and abandoning module PixelInspectorModule (276)
[2018.04.26-17.29.09:152][816]LogModuleManager: Shutting down and abandoning module MainFrame (274)
[2018.04.26-17.29.09:153][816]LogModuleManager: Shutting down and abandoning module HotReload (273)
[2018.04.26-17.29.09:154][816]LogModuleManager: Shutting down and abandoning module RuntimePhysXCooking (268)
[2018.04.26-17.29.09:154][816]LogModuleManager: Shutting down and abandoning module PhysXVehiclesEditor (266)
[2018.04.26-17.29.09:154][816]LogModuleManager: Shutting down and abandoning module PhysXVehicles (264)
[2018.04.26-17.29.09:154][816]LogModuleManager: Shutting down and abandoning module OculusEditor (262)
[2018.04.26-17.29.09:155][816]LogModuleManager: Shutting down and abandoning module LocationServicesBPLibrary (260)
[2018.04.26-17.29.09:155][816]LogModuleManager: Shutting down and abandoning module ImmediatePhysicsEditor (258)
[2018.04.26-17.29.09:155][816]LogModuleManager: Shutting down and abandoning module ImmediatePhysics (256)
[2018.04.26-17.29.09:157][816]LogModuleManager: Shutting down and abandoning module UdpMessaging (254)
[2018.04.26-17.29.09:257][816]LogModuleManager: Shutting down and abandoning module TcpMessaging (252)
[2018.04.26-17.29.09:358][816]LogModuleManager: Shutting down and abandoning module GameplayTagsEditor (250)
[2018.04.26-17.29.09:359][816]LogModuleManager: Shutting down and abandoning module FacialAnimationEditor (248)
[2018.04.26-17.29.09:360][816]LogModuleManager: Shutting down and abandoning module FacialAnimation (246)
[2018.04.26-17.29.09:360][816]LogModuleManager: Shutting down and abandoning module AssetManagerEditor (244)
[2018.04.26-17.29.09:361][816]LogModuleManager: Shutting down and abandoning module GraphEditor (243)
[2018.04.26-17.29.09:364][816]LogModuleManager: Shutting down and abandoning module ContentBrowser (241)
[2018.04.26-17.29.09:366][816]LogModuleManager: Shutting down and abandoning module LightPropagationVolumeRuntime (238)
[2018.04.26-17.29.09:366][816]LogModuleManager: Shutting down and abandoning module Paper2D (236)
[2018.04.26-17.29.09:366][816]LogModuleManager: Shutting down and abandoning module WindowsMoviePlayer (234)
[2018.04.26-17.29.09:367][816]LogModuleManager: Shutting down and abandoning module WmfMedia (232)
[2018.04.26-17.29.09:372][816]LogModuleManager: Shutting down and abandoning module ImgMedia (230)
[2018.04.26-17.29.09:372][816]LogModuleManager: Shutting down and abandoning module PacketHandler (228)
[2018.04.26-17.29.09:372][816]LogModuleManager: Shutting down and abandoning module ClothingSystemEditor (226)
[2018.04.26-17.29.09:372][816]LogModuleManager: Shutting down and abandoning module ClothingSystemRuntime (224)
[2018.04.26-17.29.09:373][816]LogModuleManager: Shutting down and abandoning module MediaAssets (222)
[2018.04.26-17.29.09:373][816]LogModuleManager: Shutting down and abandoning module Media (221)
[2018.04.26-17.29.09:380][816]LogModuleManager: Shutting down and abandoning module Overlay (218)
[2018.04.26-17.29.09:380][816]LogModuleManager: Shutting down and abandoning module OverlayEditor (217)
[2018.04.26-17.29.09:380][816]LogModuleManager: Shutting down and abandoning module VREditor (214)
[2018.04.26-17.29.09:382][816]LogModuleManager: Shutting down and abandoning module StringTableEditor (212)
[2018.04.26-17.29.09:382][816]LogModuleManager: Shutting down and abandoning module GameplayTasksEditor (210)
[2018.04.26-17.29.09:382][816]LogModuleManager: Shutting down and abandoning module BehaviorTreeEditor (208)
[2018.04.26-17.29.09:385][816]LogModuleManager: Shutting down and abandoning module FunctionalTesting (206)
[2018.04.26-17.29.09:386][816]LogModuleManager: Shutting down and abandoning module CollisionAnalyzer (204)
[2018.04.26-17.29.09:387][816]LogModuleManager: Shutting down and abandoning module WorkspaceMenuStructure (203)
[2018.04.26-17.29.09:387][816]LogModuleManager: Shutting down and abandoning module UMG (200)
[2018.04.26-17.29.09:387][816]LogModuleManager: Shutting down and abandoning module UMGEditor (199)
[2018.04.26-17.29.09:389][816]LogModuleManager: Shutting down and abandoning module Sequencer (198)
[2018.04.26-17.29.09:391][816]LogModuleManager: Shutting down and abandoning module MessageLog (195)
[2018.04.26-17.29.09:391][816]LogModuleManager: Shutting down and abandoning module SlateReflector (190)
[2018.04.26-17.29.09:394][816]LogModuleManager: Shutting down and abandoning module Slate (188)
[2018.04.26-17.29.09:394][816]LogModuleManager: Shutting down and abandoning module EditorStyle (186)
[2018.04.26-17.29.09:402][816]LogModuleManager: Shutting down and abandoning module MRMesh (184)
[2018.04.26-17.29.09:402][816]LogModuleManager: Shutting down and abandoning module SourceCodeAccess (182)
[2018.04.26-17.29.09:402][816]LogModuleManager: Shutting down and abandoning module HeadMountedDisplay (180)
[2018.04.26-17.29.09:402][816]LogModuleManager: Shutting down and abandoning module XAudio2 (178)
[2018.04.26-17.29.09:402][816]LogModuleManager: Shutting down and abandoning module Networking (176)
[2018.04.26-17.29.09:402][816]LogModuleManager: Shutting down and abandoning module Core (172)
[2018.04.26-17.29.09:402][816]LogModuleManager: Shutting down and abandoning module LevelSequence (168)
[2018.04.26-17.29.09:403][816]LogModuleManager: Shutting down and abandoning module DirectoryWatcher (166)
[2018.04.26-17.29.09:405][816]LogModuleManager: Shutting down and abandoning module KismetCompiler (164)
[2018.04.26-17.29.09:405][816]LogModuleManager: Shutting down and abandoning module MeshUtilities (162)
[2018.04.26-17.29.09:405][816]LogModuleManager: Shutting down and abandoning module MeshMergeUtilities (161)
[2018.04.26-17.29.09:406][816]LogModuleManager: Shutting down and abandoning module MeshReductionInterface (160)
[2018.04.26-17.29.09:406][816]LogModuleManager: Shutting down and abandoning module SimplygonSwarm (159)
[2018.04.26-17.29.09:407][816]LogModuleManager: Shutting down and abandoning module SimplygonMeshReduction (157)
[2018.04.26-17.29.09:407][816]LogModuleManager: Shutting down and abandoning module QuadricMeshReduction (155)
[2018.04.26-17.29.09:407][816]LogModuleManager: Shutting down and abandoning module MaterialBaking (151)
[2018.04.26-17.29.09:408][816]LogModuleManager: Shutting down and abandoning module DerivedDataCache (148)
[2018.04.26-17.29.09:505][816]LogDerivedDataCache: Shutdown
[2018.04.26-17.29.09:505][816]LogModuleManager: Shutting down and abandoning module TargetPlatform (146)
[2018.04.26-17.29.09:505][816]LogModuleManager: Shutting down and abandoning module VulkanShaderFormat (145)
[2018.04.26-17.29.09:505][816]LogModuleManager: Shutting down and abandoning module ShaderFormatVectorVM (143)
[2018.04.26-17.29.09:506][816]LogModuleManager: Shutting down and abandoning module ShaderFormatOpenGL (141)
[2018.04.26-17.29.09:506][816]LogModuleManager: Shutting down and abandoning module ShaderFormatD3D (139)
[2018.04.26-17.29.09:506][816]LogModuleManager: Shutting down and abandoning module MetalShaderFormat (137)
[2018.04.26-17.29.09:507][816]LogModuleManager: Shutting down and abandoning module TextureFormatUncompressed (135)
[2018.04.26-17.29.09:508][816]LogModuleManager: Shutting down and abandoning module TextureFormatPVR (133)
[2018.04.26-17.29.09:508][816]LogModuleManager: Shutting down and abandoning module TextureFormatDXT (131)
[2018.04.26-17.29.09:508][816]LogModuleManager: Shutting down and abandoning module TextureFormatIntelISPCTexComp (129)
[2018.04.26-17.29.09:508][816]LogModuleManager: Shutting down and abandoning module TextureFormatASTC (127)
[2018.04.26-17.29.09:508][816]LogModuleManager: Shutting down and abandoning module ImageWrapper (126)
[2018.04.26-17.29.09:508][816]LogModuleManager: Shutting down and abandoning module TextureFormatAndroid (123)
[2018.04.26-17.29.09:508][816]LogModuleManager: Shutting down and abandoning module AudioFormatOpus (121)
[2018.04.26-17.29.09:508][816]LogModuleManager: Shutting down and abandoning module AudioFormatOgg (119)
[2018.04.26-17.29.09:508][816]LogModuleManager: Shutting down and abandoning module AudioFormatADPCM (117)
[2018.04.26-17.29.09:508][816]LogModuleManager: Shutting down and abandoning module LinuxTargetPlatform (115)
[2018.04.26-17.29.09:508][816]LogModuleManager: Shutting down and abandoning module LinuxServerTargetPlatform (113)
[2018.04.26-17.29.09:509][816]LogModuleManager: Shutting down and abandoning module LinuxNoEditorTargetPlatform (111)
[2018.04.26-17.29.09:509][816]LogModuleManager: Shutting down and abandoning module LinuxClientTargetPlatform (109)
[2018.04.26-17.29.09:509][816]LogModuleManager: Shutting down and abandoning module TVOSTargetPlatform (107)
[2018.04.26-17.29.09:509][816]LogModuleManager: Shutting down and abandoning module Messaging (105)
[2018.04.26-17.29.09:509][816]LogModuleManager: Shutting down and abandoning module IOSTargetPlatform (103)
[2018.04.26-17.29.09:509][816]LogModuleManager: Shutting down and abandoning module HTML5TargetPlatform (101)
[2018.04.26-17.29.09:509][816]LogModuleManager: Shutting down and abandoning module AndroidTargetPlatform (99)
[2018.04.26-17.29.09:509][816]LogModuleManager: Shutting down and abandoning module Android_PVRTCTargetPlatform (97)
[2018.04.26-17.29.09:509][816]LogModuleManager: Shutting down and abandoning module Android_MultiTargetPlatform (95)
[2018.04.26-17.29.09:510][816]LogModuleManager: Shutting down and abandoning module Android_ETC2TargetPlatform (93)
[2018.04.26-17.29.09:510][816]LogModuleManager: Shutting down and abandoning module Android_ETC1TargetPlatform (91)
[2018.04.26-17.29.09:510][816]LogModuleManager: Shutting down and abandoning module Android_DXTTargetPlatform (89)
[2018.04.26-17.29.09:510][816]LogModuleManager: Shutting down and abandoning module Android_ATCTargetPlatform (87)
[2018.04.26-17.29.09:510][816]LogModuleManager: Shutting down and abandoning module Android_ASTCTargetPlatform (85)
[2018.04.26-17.29.09:510][816]LogModuleManager: Shutting down and abandoning module WindowsTargetPlatform (83)
[2018.04.26-17.29.09:510][816]LogModuleManager: Shutting down and abandoning module WindowsServerTargetPlatform (81)
[2018.04.26-17.29.09:510][816]LogModuleManager: Shutting down and abandoning module WindowsNoEditorTargetPlatform (79)
[2018.04.26-17.29.09:510][816]LogModuleManager: Shutting down and abandoning module WindowsClientTargetPlatform (77)
[2018.04.26-17.29.09:510][816]LogModuleManager: Shutting down and abandoning module MacTargetPlatform (75)
[2018.04.26-17.29.09:510][816]LogModuleManager: Shutting down and abandoning module MacServerTargetPlatform (73)
[2018.04.26-17.29.09:510][816]LogModuleManager: Shutting down and abandoning module MacNoEditorTargetPlatform (71)
[2018.04.26-17.29.09:510][816]LogModuleManager: Shutting down and abandoning module MacClientTargetPlatform (69)
[2018.04.26-17.29.09:510][816]LogModuleManager: Shutting down and abandoning module AllDesktopTargetPlatform (67)
[2018.04.26-17.29.09:510][816]LogModuleManager: Shutting down and abandoning module InputCore (64)
[2018.04.26-17.29.09:510][816]LogModuleManager: Shutting down and abandoning module Settings (62)
[2018.04.26-17.29.09:510][816]LogModuleManager: Shutting down and abandoning module PhysXCooking (60)
[2018.04.26-17.29.09:510][816]LogModuleManager: Shutting down and abandoning module SteamVR (58)
[2018.04.26-17.29.09:510][816]LogModuleManager: Shutting down and abandoning module OculusHMD (56)
[2018.04.26-17.29.09:511][816]LogModuleManager: Shutting down and abandoning module ExampleDeviceProfileSelector (54)
[2018.04.26-17.29.09:511][816]LogModuleManager: Shutting down and abandoning module AppleARKit (52)
[2018.04.26-17.29.09:511][816]LogModuleManager: Shutting down and abandoning module AugmentedReality (51)
[2018.04.26-17.29.09:511][816]LogModuleManager: Shutting down and abandoning module OnlineBlueprintSupport (48)
[2018.04.26-17.29.09:511][816]LogModuleManager: Shutting down and abandoning module OnlineSubsystem (44)
[2018.04.26-17.29.09:512][816]LogModuleManager: Shutting down and abandoning module XMPP (43)
[2018.04.26-17.29.09:514][816]LogModuleManager: Shutting down and abandoning module HTTP (41)
[2018.04.26-17.29.09:514][816]LogHttp: Display: Http module shutting down, but needs to wait on 1 outstanding Http requests:
[2018.04.26-17.29.09:514][816]LogHttp: Display: 	verb=[POST] url=[https://datarouter.ol.epicgames.com/datarouter/api/v1/public/data?SessionID=%7B2800CAC3-4979-3FBB-0934-E5BC3BCAB54F%7D&AppID=UEEditor.Rocket.Release&AppVersion=4.18.3-3832480%2B%2B%2BUE4%2BRelease-4.18&UserID=f53795d748fab136336c728077b84937%7C89841296403e4bcab15f22abaa4805e2%7C21e2bc3e-fe4a-4705-b0a4-3e8c393e162c&AppEnvironment=datacollector-binary&UploadType=eteventstream] status=Processing
[2018.04.26-17.29.09:548][816]LogModuleManager: Shutting down and abandoning module SSL (40)
[2018.04.26-17.29.09:551][816]LogModuleManager: Shutting down and abandoning module AnimationModifiers (36)
[2018.04.26-17.29.09:553][816]LogModuleManager: Shutting down and abandoning module PropertyEditor (35)
[2018.04.26-17.29.09:553][816]LogModuleManager: Shutting down and abandoning module AudioEditor (32)
[2018.04.26-17.29.09:554][816]LogModuleManager: Shutting down and abandoning module TextureCompressor (30)
[2018.04.26-17.29.09:554][816]LogModuleManager: Shutting down and abandoning module ShaderCore (28)
[2018.04.26-17.29.09:554][816]LogModuleManager: Shutting down and abandoning module Landscape (26)
[2018.04.26-17.29.09:554][816]LogModuleManager: Shutting down and abandoning module SlateRHIRenderer (24)
[2018.04.26-17.29.09:556][816]LogModuleManager: Shutting down and abandoning module OpenGLDrv (22)
[2018.04.26-17.29.09:557][816]LogModuleManager: Shutting down and abandoning module D3D11RHI (20)
[2018.04.26-17.29.09:557][816]LogModuleManager: Shutting down and abandoning module AnimGraphRuntime (18)
[2018.04.26-17.29.09:558][816]LogModuleManager: Shutting down and abandoning module Renderer (16)
[2018.04.26-17.29.09:558][816]LogModuleManager: Shutting down and abandoning module Engine (14)
[2018.04.26-17.29.09:558][816]LogModuleManager: Shutting down and abandoning module CoreUObject (12)
[2018.04.26-17.29.09:558][816]LogModuleManager: Shutting down and abandoning module NetworkFile (10)
[2018.04.26-17.29.09:558][816]LogModuleManager: Shutting down and abandoning module CookedIterativeFile (8)
[2018.04.26-17.29.09:558][816]LogModuleManager: Shutting down and abandoning module StreamingFile (6)
[2018.04.26-17.29.09:558][816]LogModuleManager: Shutting down and abandoning module SandboxFile (4)
[2018.04.26-17.29.09:559][816]LogModuleManager: Shutting down and abandoning module PakFile (2)
[2018.04.26-17.29.09:569][816]LogExit: Exiting.
[2018.04.26-17.29.09:623][816]Log file closed, 04/26/18 13:29:09
